2019-08-22 12:48:34,313 [Worker-5] INFO  o.e.m.c.i.l.LifecycleMappingFactory - Using org.maven.ide.eclipse.wtp.WarLifecycleMapping lifecycle mapping for MavenProject: org.springframework.boot:auth:2.1.1.RELEASE @ D:\DemoProjects\SpringSecurity\springboot-registration-login\pom.xml.
2019-08-22 12:48:42,308 [Worker-5] INFO  o.e.m.j.i.AbstractJavaProjectConfigurator - Adding source folder /auth/src/main/java
2019-08-22 12:48:42,309 [Worker-5] INFO  o.e.m.j.i.AbstractJavaProjectConfigurator - Resources folder /auth/src/main/resources overlaps with sources folder /auth/src/main/resources
2019-08-22 12:48:42,350 [Worker-5] INFO  o.e.m.j.i.AbstractJavaProjectConfigurator - Resources folder /auth/src/main/resources overlaps with sources folder /auth/src/main/resources
2019-08-22 12:48:42,351 [Worker-5] INFO  o.e.m.j.i.AbstractJavaProjectConfigurator - Adding source folder /auth/src/test/java
2019-08-22 12:48:50,653 [Worker-5] INFO  o.e.m.c.i.p.ProjectConfigurationManager - Imported and configured 1 project(s) in 27 sec
2019-08-22 12:48:55,039 [Worker-4] INFO  o.e.m.c.i.l.LifecycleMappingFactory - Using org.maven.ide.eclipse.wtp.WarLifecycleMapping lifecycle mapping for MavenProject: org.springframework.boot:auth:2.1.1.RELEASE @ D:\DemoProjects\SpringSecurity\springboot-registration-login\pom.xml.
2019-08-22 12:48:59,212 [Worker-4] INFO  o.e.m.c.i.embedder.EclipseLogger - Using 'UTF-8' encoding to copy filtered resources.
2019-08-22 12:48:59,216 [Worker-4] INFO  o.e.m.c.i.embedder.EclipseLogger - Copying 1 resource
2019-08-22 12:48:59,232 [Worker-4] INFO  o.e.m.c.i.embedder.EclipseLogger - Copying 1 resource
2019-08-22 12:48:59,248 [Worker-4] INFO  o.e.m.c.i.embedder.EclipseLogger - Using 'UTF-8' encoding to copy filtered resources.
2019-08-22 12:48:59,248 [Worker-4] INFO  o.e.m.c.i.embedder.EclipseLogger - skip non existing resourceDirectory D:\DemoProjects\SpringSecurity\springboot-registration-login\src\test\resources
2019-08-22 13:05:21,795 [Worker-7] INFO  o.e.m.c.i.embedder.EclipseLogger - Using 'UTF-8' encoding to copy filtered resources.
2019-08-22 13:05:21,807 [Worker-7] INFO  o.e.m.c.i.embedder.EclipseLogger - Copying 1 resource
2019-08-22 13:05:21,828 [Worker-7] INFO  o.e.m.c.i.embedder.EclipseLogger - Copying 1 resource
2019-08-22 13:05:21,832 [Worker-7] INFO  o.e.m.c.i.embedder.EclipseLogger - Using 'UTF-8' encoding to copy filtered resources.
2019-08-22 13:05:21,832 [Worker-7] INFO  o.e.m.c.i.embedder.EclipseLogger - skip non existing resourceDirectory D:\DemoProjects\SpringSecurity\springboot-registration-login\src\test\resources
2019-08-22 13:24:52,206 [Worker-11] INFO  o.e.m.c.i.embedder.EclipseLogger - Using 'UTF-8' encoding to copy filtered resources.
2019-08-22 13:24:52,237 [Worker-11] INFO  o.e.m.c.i.embedder.EclipseLogger - Copying 1 resource
2019-08-22 13:24:52,241 [Worker-11] INFO  o.e.m.c.i.embedder.EclipseLogger - Copying 1 resource
2019-08-22 13:24:52,243 [Worker-11] INFO  o.e.m.c.i.embedder.EclipseLogger - Using 'UTF-8' encoding to copy filtered resources.
2019-08-22 13:24:52,243 [Worker-11] INFO  o.e.m.c.i.embedder.EclipseLogger - skip non existing resourceDirectory D:\DemoProjects\SpringSecurity\springboot-registration-login\src\test\resources
2019-08-22 13:25:17,473 [Worker-11] INFO  o.e.m.c.i.embedder.EclipseLogger - Using 'UTF-8' encoding to copy filtered resources.
2019-08-22 13:25:17,474 [Worker-11] INFO  o.e.m.c.i.embedder.EclipseLogger - Copying 1 resource
2019-08-22 13:25:17,479 [Worker-11] INFO  o.e.m.c.i.embedder.EclipseLogger - Copying 1 resource
2019-08-22 13:25:17,481 [Worker-11] INFO  o.e.m.c.i.embedder.EclipseLogger - Using 'UTF-8' encoding to copy filtered resources.
2019-08-22 13:25:17,481 [Worker-11] INFO  o.e.m.c.i.embedder.EclipseLogger - skip non existing resourceDirectory D:\DemoProjects\SpringSecurity\springboot-registration-login\src\test\resources
2019-08-22 13:26:10,839 [Worker-13] INFO  o.e.m.c.i.embedder.EclipseLogger - Using 'UTF-8' encoding to copy filtered resources.
2019-08-22 13:26:10,840 [Worker-13] INFO  o.e.m.c.i.embedder.EclipseLogger - Copying 0 resource
2019-08-22 13:26:10,840 [Worker-13] INFO  o.e.m.c.i.embedder.EclipseLogger - Copying 0 resource
2019-08-22 13:26:10,843 [Worker-13] INFO  o.e.m.c.i.embedder.EclipseLogger - Using 'UTF-8' encoding to copy filtered resources.
2019-08-22 13:26:10,844 [Worker-13] INFO  o.e.m.c.i.embedder.EclipseLogger - skip non existing resourceDirectory D:\DemoProjects\SpringSecurity\springboot-registration-login\src\test\resources
2019-08-22 13:26:36,468 [Worker-13] INFO  o.e.m.c.i.embedder.EclipseLogger - Using 'UTF-8' encoding to copy filtered resources.
2019-08-22 13:26:36,468 [Worker-13] INFO  o.e.m.c.i.embedder.EclipseLogger - Copying 0 resource
2019-08-22 13:26:36,469 [Worker-13] INFO  o.e.m.c.i.embedder.EclipseLogger - Copying 0 resource
2019-08-22 13:26:36,472 [Worker-13] INFO  o.e.m.c.i.embedder.EclipseLogger - Using 'UTF-8' encoding to copy filtered resources.
2019-08-22 13:26:36,472 [Worker-13] INFO  o.e.m.c.i.embedder.EclipseLogger - skip non existing resourceDirectory D:\DemoProjects\SpringSecurity\springboot-registration-login\src\test\resources
2019-08-22 13:29:58,942 [Worker-12] INFO  o.e.m.c.i.embedder.EclipseLogger - Using 'UTF-8' encoding to copy filtered resources.
2019-08-22 13:29:58,942 [Worker-12] INFO  o.e.m.c.i.embedder.EclipseLogger - Copying 0 resource
2019-08-22 13:29:58,942 [Worker-12] INFO  o.e.m.c.i.embedder.EclipseLogger - Copying 0 resource
2019-08-22 13:29:58,944 [Worker-12] INFO  o.e.m.c.i.embedder.EclipseLogger - Using 'UTF-8' encoding to copy filtered resources.
2019-08-22 13:29:58,944 [Worker-12] INFO  o.e.m.c.i.embedder.EclipseLogger - skip non existing resourceDirectory D:\DemoProjects\SpringSecurity\springboot-registration-login\src\test\resources
2019-08-22 15:22:44,281 [Worker-24] INFO  o.e.m.c.i.embedder.EclipseLogger - Using 'UTF-8' encoding to copy filtered resources.
2019-08-22 15:22:44,282 [Worker-24] INFO  o.e.m.c.i.embedder.EclipseLogger - Copying 1 resource
2019-08-22 15:22:44,287 [Worker-24] INFO  o.e.m.c.i.embedder.EclipseLogger - Copying 1 resource
2019-08-22 15:22:44,289 [Worker-24] INFO  o.e.m.c.i.embedder.EclipseLogger - Using 'UTF-8' encoding to copy filtered resources.
2019-08-22 15:22:44,289 [Worker-24] INFO  o.e.m.c.i.embedder.EclipseLogger - skip non existing resourceDirectory D:\DemoProjects\SpringSecurity\springboot-registration-login\src\test\resources
2019-08-22 15:23:12,695 [Worker-25] INFO  o.e.m.c.i.embedder.EclipseLogger - Using 'UTF-8' encoding to copy filtered resources.
2019-08-22 15:23:12,695 [Worker-25] INFO  o.e.m.c.i.embedder.EclipseLogger - Copying 1 resource
2019-08-22 15:23:12,702 [Worker-25] INFO  o.e.m.c.i.embedder.EclipseLogger - Copying 1 resource
2019-08-22 15:23:12,705 [Worker-25] INFO  o.e.m.c.i.embedder.EclipseLogger - Using 'UTF-8' encoding to copy filtered resources.
2019-08-22 15:23:12,705 [Worker-25] INFO  o.e.m.c.i.embedder.EclipseLogger - skip non existing resourceDirectory D:\DemoProjects\SpringSecurity\springboot-registration-login\src\test\resources
2019-08-22 15:23:26,499 [Worker-24] INFO  o.e.m.c.i.embedder.EclipseLogger - Using 'UTF-8' encoding to copy filtered resources.
2019-08-22 15:23:26,499 [Worker-24] INFO  o.e.m.c.i.embedder.EclipseLogger - Copying 1 resource
2019-08-22 15:23:26,507 [Worker-24] INFO  o.e.m.c.i.embedder.EclipseLogger - Copying 1 resource
2019-08-22 15:23:26,513 [Worker-24] INFO  o.e.m.c.i.embedder.EclipseLogger - Using 'UTF-8' encoding to copy filtered resources.
2019-08-22 15:23:26,513 [Worker-24] INFO  o.e.m.c.i.embedder.EclipseLogger - skip non existing resourceDirectory D:\DemoProjects\SpringSecurity\springboot-registration-login\src\test\resources
2019-08-22 15:23:44,204 [Worker-17] INFO  o.e.m.c.i.embedder.EclipseLogger - Using 'UTF-8' encoding to copy filtered resources.
2019-08-22 15:23:44,205 [Worker-17] INFO  o.e.m.c.i.embedder.EclipseLogger - Copying 1 resource
2019-08-22 15:23:44,208 [Worker-17] INFO  o.e.m.c.i.embedder.EclipseLogger - Copying 1 resource
2019-08-22 15:23:44,210 [Worker-17] INFO  o.e.m.c.i.embedder.EclipseLogger - Using 'UTF-8' encoding to copy filtered resources.
2019-08-22 15:23:44,210 [Worker-17] INFO  o.e.m.c.i.embedder.EclipseLogger - skip non existing resourceDirectory D:\DemoProjects\SpringSecurity\springboot-registration-login\src\test\resources
2019-08-22 15:24:00,151 [Worker-22] INFO  o.e.m.c.i.embedder.EclipseLogger - Using 'UTF-8' encoding to copy filtered resources.
2019-08-22 15:24:00,152 [Worker-22] INFO  o.e.m.c.i.embedder.EclipseLogger - Copying 1 resource
2019-08-22 15:24:00,157 [Worker-22] INFO  o.e.m.c.i.embedder.EclipseLogger - Copying 1 resource
2019-08-22 15:24:00,160 [Worker-22] INFO  o.e.m.c.i.embedder.EclipseLogger - Using 'UTF-8' encoding to copy filtered resources.
2019-08-22 15:24:00,161 [Worker-22] INFO  o.e.m.c.i.embedder.EclipseLogger - skip non existing resourceDirectory D:\DemoProjects\SpringSecurity\springboot-registration-login\src\test\resources
2019-08-22 15:24:14,988 [Worker-25] INFO  o.e.m.c.i.embedder.EclipseLogger - Using 'UTF-8' encoding to copy filtered resources.
2019-08-22 15:24:14,988 [Worker-25] INFO  o.e.m.c.i.embedder.EclipseLogger - Copying 1 resource
2019-08-22 15:24:14,992 [Worker-25] INFO  o.e.m.c.i.embedder.EclipseLogger - Copying 1 resource
2019-08-22 15:24:14,994 [Worker-25] INFO  o.e.m.c.i.embedder.EclipseLogger - Using 'UTF-8' encoding to copy filtered resources.
2019-08-22 15:24:14,994 [Worker-25] INFO  o.e.m.c.i.embedder.EclipseLogger - skip non existing resourceDirectory D:\DemoProjects\SpringSecurity\springboot-registration-login\src\test\resources
2019-08-22 15:28:56,687 [Worker-26] INFO  o.e.m.c.i.embedder.EclipseLogger - Using 'UTF-8' encoding to copy filtered resources.
2019-08-22 15:28:56,688 [Worker-26] INFO  o.e.m.c.i.embedder.EclipseLogger - Copying 1 resource
2019-08-22 15:28:56,691 [Worker-26] INFO  o.e.m.c.i.embedder.EclipseLogger - Copying 1 resource
2019-08-22 15:28:56,693 [Worker-26] INFO  o.e.m.c.i.embedder.EclipseLogger - Using 'UTF-8' encoding to copy filtered resources.
2019-08-22 15:28:56,694 [Worker-26] INFO  o.e.m.c.i.embedder.EclipseLogger - skip non existing resourceDirectory D:\DemoProjects\SpringSecurity\springboot-registration-login\src\test\resources
2019-08-22 15:29:41,432 [Worker-27] INFO  o.e.m.c.i.embedder.EclipseLogger - Using 'UTF-8' encoding to copy filtered resources.
2019-08-22 15:29:41,433 [Worker-27] INFO  o.e.m.c.i.embedder.EclipseLogger - Copying 1 resource
2019-08-22 15:29:41,443 [Worker-27] INFO  o.e.m.c.i.embedder.EclipseLogger - Copying 1 resource
2019-08-22 15:29:41,447 [Worker-27] INFO  o.e.m.c.i.embedder.EclipseLogger - Using 'UTF-8' encoding to copy filtered resources.
2019-08-22 15:29:41,447 [Worker-27] INFO  o.e.m.c.i.embedder.EclipseLogger - skip non existing resourceDirectory D:\DemoProjects\SpringSecurity\springboot-registration-login\src\test\resources
2019-08-22 15:29:47,554 [Worker-13] INFO  o.e.m.c.i.embedder.EclipseLogger - Using 'UTF-8' encoding to copy filtered resources.
2019-08-22 15:29:47,554 [Worker-13] INFO  o.e.m.c.i.embedder.EclipseLogger - Copying 1 resource
2019-08-22 15:29:47,557 [Worker-13] INFO  o.e.m.c.i.embedder.EclipseLogger - Copying 1 resource
2019-08-22 15:29:47,559 [Worker-13] INFO  o.e.m.c.i.embedder.EclipseLogger - Using 'UTF-8' encoding to copy filtered resources.
2019-08-22 15:29:47,559 [Worker-13] INFO  o.e.m.c.i.embedder.EclipseLogger - skip non existing resourceDirectory D:\DemoProjects\SpringSecurity\springboot-registration-login\src\test\resources
2019-08-22 15:31:33,402 [Worker-13] INFO  o.e.m.c.i.embedder.EclipseLogger - Using 'UTF-8' encoding to copy filtered resources.
2019-08-22 15:31:33,404 [Worker-13] INFO  o.e.m.c.i.embedder.EclipseLogger - Copying 1 resource
2019-08-22 15:31:33,412 [Worker-13] INFO  o.e.m.c.i.embedder.EclipseLogger - Copying 1 resource
2019-08-22 15:31:33,416 [Worker-13] INFO  o.e.m.c.i.embedder.EclipseLogger - Using 'UTF-8' encoding to copy filtered resources.
2019-08-22 15:31:33,416 [Worker-13] INFO  o.e.m.c.i.embedder.EclipseLogger - skip non existing resourceDirectory D:\DemoProjects\SpringSecurity\springboot-registration-login\src\test\resources
2019-08-22 15:44:49,364 [Worker-27] INFO  o.e.m.c.i.embedder.EclipseLogger - Using 'UTF-8' encoding to copy filtered resources.
2019-08-22 15:44:49,365 [Worker-27] INFO  o.e.m.c.i.embedder.EclipseLogger - Copying 1 resource
2019-08-22 15:44:49,368 [Worker-27] INFO  o.e.m.c.i.embedder.EclipseLogger - Copying 1 resource
2019-08-22 15:44:49,370 [Worker-27] INFO  o.e.m.c.i.embedder.EclipseLogger - Using 'UTF-8' encoding to copy filtered resources.
2019-08-22 15:44:49,371 [Worker-27] INFO  o.e.m.c.i.embedder.EclipseLogger - skip non existing resourceDirectory D:\DemoProjects\SpringSecurity\springboot-registration-login\src\test\resources
