2019-08-29 10:47:59,609 [Worker-0] INFO  o.e.m.c.i.l.LifecycleMappingFactory - Using org.maven.ide.eclipse.wtp.WarLifecycleMapping lifecycle mapping for MavenProject: com.programmer.gate:SpringBootOAuth2:0.0.1-SNAPSHOT @ D:\DemoProjects\SpringSecurity_oauth2_google\spring-boot-oauth2-master\pom.xml.
2019-08-29 10:48:19,382 [Worker-0] INFO  o.e.m.j.i.AbstractJavaProjectConfigurator - Adding source folder /SpringBootOAuth2/src/main/java
2019-08-29 10:48:19,383 [Worker-0] INFO  o.e.m.j.i.AbstractJavaProjectConfigurator - Resources folder /SpringBootOAuth2/src/main/resources overlaps with sources folder /SpringBootOAuth2/src/main/resources
2019-08-29 10:48:19,383 [Worker-0] INFO  o.e.m.j.i.AbstractJavaProjectConfigurator - Resources folder /SpringBootOAuth2/src/main/resources overlaps with sources folder /SpringBootOAuth2/src/main/resources
2019-08-29 10:48:19,389 [Worker-0] INFO  o.e.m.j.i.AbstractJavaProjectConfigurator - Adding source folder /SpringBootOAuth2/src/test/java
2019-08-29 10:48:20,371 [Worker-6] INFO  o.e.m.c.i.l.LifecycleMappingFactory - Using org.maven.ide.eclipse.wtp.WarLifecycleMapping lifecycle mapping for MavenProject: com.programmer.gate:SpringBootOAuth2:0.0.1-SNAPSHOT @ D:\DemoProjects\SpringSecurity_oauth2_google\spring-boot-oauth2-master\pom.xml.
2019-08-29 10:48:27,135 [Worker-0] INFO  o.e.m.c.i.p.ProjectConfigurationManager - Imported and configured 1 project(s) in 62 sec
2019-08-29 10:48:40,465 [Worker-5] INFO  o.e.m.c.i.l.LifecycleMappingFactory - Using org.maven.ide.eclipse.wtp.WarLifecycleMapping lifecycle mapping for MavenProject: com.programmer.gate:SpringBootOAuth2:0.0.1-SNAPSHOT @ D:\DemoProjects\SpringSecurity_oauth2_google\spring-boot-oauth2-master\pom.xml.
2019-08-29 10:48:46,620 [Worker-5] INFO  o.e.m.c.i.embedder.EclipseLogger - Using 'UTF-8' encoding to copy filtered resources.
2019-08-29 10:48:46,623 [Worker-5] INFO  o.e.m.c.i.embedder.EclipseLogger - Copying 1 resource
2019-08-29 10:48:46,636 [Worker-5] INFO  o.e.m.c.i.embedder.EclipseLogger - Copying 0 resource
2019-08-29 10:48:46,640 [Worker-5] INFO  o.e.m.c.i.embedder.EclipseLogger - Using 'UTF-8' encoding to copy filtered resources.
2019-08-29 10:48:46,640 [Worker-5] INFO  o.e.m.c.i.embedder.EclipseLogger - skip non existing resourceDirectory D:\DemoProjects\SpringSecurity_oauth2_google\spring-boot-oauth2-master\src\test\resources
2019-08-29 11:33:22,472 [Worker-18] INFO  o.e.m.c.i.embedder.EclipseLogger - Using 'UTF-8' encoding to copy filtered resources.
2019-08-29 11:33:22,476 [Worker-18] INFO  o.e.m.c.i.embedder.EclipseLogger - Copying 1 resource
2019-08-29 11:33:22,481 [Worker-18] INFO  o.e.m.c.i.embedder.EclipseLogger - Copying 0 resource
2019-08-29 11:33:22,484 [Worker-18] INFO  o.e.m.c.i.embedder.EclipseLogger - Using 'UTF-8' encoding to copy filtered resources.
2019-08-29 11:33:22,484 [Worker-18] INFO  o.e.m.c.i.embedder.EclipseLogger - skip non existing resourceDirectory D:\DemoProjects\SpringSecurity_oauth2_google\spring-boot-oauth2-master\src\test\resources
2019-08-29 11:35:30,181 [Worker-24] INFO  o.e.m.c.i.embedder.EclipseLogger - Using 'UTF-8' encoding to copy filtered resources.
2019-08-29 11:35:30,181 [Worker-24] INFO  o.e.m.c.i.embedder.EclipseLogger - Copying 1 resource
2019-08-29 11:35:30,184 [Worker-24] INFO  o.e.m.c.i.embedder.EclipseLogger - Copying 0 resource
2019-08-29 11:35:30,187 [Worker-24] INFO  o.e.m.c.i.embedder.EclipseLogger - Using 'UTF-8' encoding to copy filtered resources.
2019-08-29 11:35:30,187 [Worker-24] INFO  o.e.m.c.i.embedder.EclipseLogger - skip non existing resourceDirectory D:\DemoProjects\SpringSecurity_oauth2_google\spring-boot-oauth2-master\src\test\resources
2019-08-29 11:37:03,367 [Worker-21] INFO  o.e.m.c.i.embedder.EclipseLogger - Using 'UTF-8' encoding to copy filtered resources.
2019-08-29 11:37:03,368 [Worker-21] INFO  o.e.m.c.i.embedder.EclipseLogger - Copying 1 resource
2019-08-29 11:37:03,375 [Worker-21] INFO  o.e.m.c.i.embedder.EclipseLogger - Copying 0 resource
2019-08-29 11:37:03,378 [Worker-21] INFO  o.e.m.c.i.embedder.EclipseLogger - Using 'UTF-8' encoding to copy filtered resources.
2019-08-29 11:37:03,378 [Worker-21] INFO  o.e.m.c.i.embedder.EclipseLogger - skip non existing resourceDirectory D:\DemoProjects\SpringSecurity_oauth2_google\spring-boot-oauth2-master\src\test\resources
2019-08-29 11:43:10,266 [Worker-23] INFO  o.e.m.c.i.embedder.EclipseLogger - Using 'UTF-8' encoding to copy filtered resources.
2019-08-29 11:43:10,267 [Worker-23] INFO  o.e.m.c.i.embedder.EclipseLogger - Copying 0 resource
2019-08-29 11:43:10,267 [Worker-23] INFO  o.e.m.c.i.embedder.EclipseLogger - Copying 0 resource
2019-08-29 11:43:10,270 [Worker-23] INFO  o.e.m.c.i.embedder.EclipseLogger - Using 'UTF-8' encoding to copy filtered resources.
2019-08-29 11:43:10,271 [Worker-23] INFO  o.e.m.c.i.embedder.EclipseLogger - skip non existing resourceDirectory D:\DemoProjects\SpringSecurity_oauth2_google\spring-boot-oauth2-master\src\test\resources
2019-08-29 11:43:16,891 [Worker-28] INFO  o.e.m.c.i.embedder.EclipseLogger - Using 'UTF-8' encoding to copy filtered resources.
2019-08-29 11:43:16,892 [Worker-28] INFO  o.e.m.c.i.embedder.EclipseLogger - Copying 0 resource
2019-08-29 11:43:16,892 [Worker-28] INFO  o.e.m.c.i.embedder.EclipseLogger - Copying 0 resource
2019-08-29 11:43:16,894 [Worker-28] INFO  o.e.m.c.i.embedder.EclipseLogger - Using 'UTF-8' encoding to copy filtered resources.
2019-08-29 11:43:16,894 [Worker-28] INFO  o.e.m.c.i.embedder.EclipseLogger - skip non existing resourceDirectory D:\DemoProjects\SpringSecurity_oauth2_google\spring-boot-oauth2-master\src\test\resources
2019-08-29 11:45:44,914 [Worker-24] INFO  o.e.m.c.i.embedder.EclipseLogger - Using 'UTF-8' encoding to copy filtered resources.
2019-08-29 11:45:44,915 [Worker-24] INFO  o.e.m.c.i.embedder.EclipseLogger - Copying 0 resource
2019-08-29 11:45:44,917 [Worker-24] INFO  o.e.m.c.i.embedder.EclipseLogger - Copying 0 resource
2019-08-29 11:45:44,920 [Worker-24] INFO  o.e.m.c.i.embedder.EclipseLogger - Using 'UTF-8' encoding to copy filtered resources.
2019-08-29 11:45:44,920 [Worker-24] INFO  o.e.m.c.i.embedder.EclipseLogger - skip non existing resourceDirectory D:\DemoProjects\SpringSecurity_oauth2_google\spring-boot-oauth2-master\src\test\resources
2019-08-29 11:49:54,674 [Worker-29] INFO  o.e.m.c.i.embedder.EclipseLogger - Using 'UTF-8' encoding to copy filtered resources.
2019-08-29 11:49:55,256 [Worker-29] INFO  o.e.m.c.i.embedder.EclipseLogger - Copying 1 resource
2019-08-29 11:49:55,268 [Worker-29] INFO  o.e.m.c.i.embedder.EclipseLogger - Copying 0 resource
2019-08-29 11:49:55,274 [Worker-29] INFO  o.e.m.c.i.embedder.EclipseLogger - Using 'UTF-8' encoding to copy filtered resources.
2019-08-29 11:49:55,275 [Worker-29] INFO  o.e.m.c.i.embedder.EclipseLogger - skip non existing resourceDirectory D:\DemoProjects\SpringSecurity_oauth2_google\spring-boot-oauth2-master\src\test\resources
2019-08-29 12:02:29,499 [Worker-38] INFO  o.e.m.c.i.embedder.EclipseLogger - Using 'UTF-8' encoding to copy filtered resources.
2019-08-29 12:02:29,500 [Worker-38] INFO  o.e.m.c.i.embedder.EclipseLogger - Copying 1 resource
2019-08-29 12:02:29,541 [Worker-38] INFO  o.e.m.c.i.embedder.EclipseLogger - Copying 0 resource
2019-08-29 12:02:29,544 [Worker-38] INFO  o.e.m.c.i.embedder.EclipseLogger - Using 'UTF-8' encoding to copy filtered resources.
2019-08-29 12:02:29,544 [Worker-38] INFO  o.e.m.c.i.embedder.EclipseLogger - skip non existing resourceDirectory D:\DemoProjects\SpringSecurity_oauth2_google\spring-boot-oauth2-master\src\test\resources
2019-08-29 12:02:50,865 [Worker-33] INFO  o.e.m.c.i.embedder.EclipseLogger - Using 'UTF-8' encoding to copy filtered resources.
2019-08-29 12:02:50,866 [Worker-33] INFO  o.e.m.c.i.embedder.EclipseLogger - Copying 1 resource
2019-08-29 12:02:50,871 [Worker-33] INFO  o.e.m.c.i.embedder.EclipseLogger - Copying 0 resource
2019-08-29 12:02:50,873 [Worker-33] INFO  o.e.m.c.i.embedder.EclipseLogger - Using 'UTF-8' encoding to copy filtered resources.
2019-08-29 12:02:50,873 [Worker-33] INFO  o.e.m.c.i.embedder.EclipseLogger - skip non existing resourceDirectory D:\DemoProjects\SpringSecurity_oauth2_google\spring-boot-oauth2-master\src\test\resources
2019-08-29 12:02:57,266 [Worker-33] INFO  o.e.m.c.i.embedder.EclipseLogger - Using 'UTF-8' encoding to copy filtered resources.
2019-08-29 12:02:57,267 [Worker-33] INFO  o.e.m.c.i.embedder.EclipseLogger - Copying 1 resource
2019-08-29 12:02:57,271 [Worker-33] INFO  o.e.m.c.i.embedder.EclipseLogger - Copying 0 resource
2019-08-29 12:02:57,273 [Worker-33] INFO  o.e.m.c.i.embedder.EclipseLogger - Using 'UTF-8' encoding to copy filtered resources.
2019-08-29 12:02:57,273 [Worker-33] INFO  o.e.m.c.i.embedder.EclipseLogger - skip non existing resourceDirectory D:\DemoProjects\SpringSecurity_oauth2_google\spring-boot-oauth2-master\src\test\resources
2019-08-29 12:03:20,462 [Worker-39] INFO  o.e.m.c.i.embedder.EclipseLogger - Using 'UTF-8' encoding to copy filtered resources.
2019-08-29 12:03:20,463 [Worker-39] INFO  o.e.m.c.i.embedder.EclipseLogger - Copying 1 resource
2019-08-29 12:03:20,467 [Worker-39] INFO  o.e.m.c.i.embedder.EclipseLogger - Copying 0 resource
2019-08-29 12:03:20,470 [Worker-39] INFO  o.e.m.c.i.embedder.EclipseLogger - Using 'UTF-8' encoding to copy filtered resources.
2019-08-29 12:03:20,470 [Worker-39] INFO  o.e.m.c.i.embedder.EclipseLogger - skip non existing resourceDirectory D:\DemoProjects\SpringSecurity_oauth2_google\spring-boot-oauth2-master\src\test\resources
2019-08-29 12:03:45,847 [Worker-37] INFO  o.e.m.c.i.embedder.EclipseLogger - Using 'UTF-8' encoding to copy filtered resources.
2019-08-29 12:03:45,864 [Worker-37] INFO  o.e.m.c.i.embedder.EclipseLogger - Copying 1 resource
2019-08-29 12:03:45,868 [Worker-37] INFO  o.e.m.c.i.embedder.EclipseLogger - Copying 0 resource
2019-08-29 12:03:45,870 [Worker-37] INFO  o.e.m.c.i.embedder.EclipseLogger - Using 'UTF-8' encoding to copy filtered resources.
2019-08-29 12:03:45,870 [Worker-37] INFO  o.e.m.c.i.embedder.EclipseLogger - skip non existing resourceDirectory D:\DemoProjects\SpringSecurity_oauth2_google\spring-boot-oauth2-master\src\test\resources
2019-08-29 12:04:15,638 [Worker-37] INFO  o.e.m.c.i.embedder.EclipseLogger - Using 'UTF-8' encoding to copy filtered resources.
2019-08-29 12:04:15,639 [Worker-37] INFO  o.e.m.c.i.embedder.EclipseLogger - Copying 1 resource
2019-08-29 12:04:15,643 [Worker-37] INFO  o.e.m.c.i.embedder.EclipseLogger - Copying 0 resource
2019-08-29 12:04:15,645 [Worker-37] INFO  o.e.m.c.i.embedder.EclipseLogger - Using 'UTF-8' encoding to copy filtered resources.
2019-08-29 12:04:15,645 [Worker-37] INFO  o.e.m.c.i.embedder.EclipseLogger - skip non existing resourceDirectory D:\DemoProjects\SpringSecurity_oauth2_google\spring-boot-oauth2-master\src\test\resources
2019-08-29 12:05:55,020 [Worker-40] INFO  o.e.m.c.i.embedder.EclipseLogger - Using 'UTF-8' encoding to copy filtered resources.
2019-08-29 12:05:55,020 [Worker-40] INFO  o.e.m.c.i.embedder.EclipseLogger - Copying 0 resource
2019-08-29 12:05:55,020 [Worker-40] INFO  o.e.m.c.i.embedder.EclipseLogger - Copying 0 resource
2019-08-29 12:05:55,022 [Worker-40] INFO  o.e.m.c.i.embedder.EclipseLogger - Using 'UTF-8' encoding to copy filtered resources.
2019-08-29 12:05:55,022 [Worker-40] INFO  o.e.m.c.i.embedder.EclipseLogger - skip non existing resourceDirectory D:\DemoProjects\SpringSecurity_oauth2_google\spring-boot-oauth2-master\src\test\resources
2019-08-29 12:06:27,527 [Worker-41] INFO  o.e.m.c.i.embedder.EclipseLogger - Using 'UTF-8' encoding to copy filtered resources.
2019-08-29 12:06:27,527 [Worker-41] INFO  o.e.m.c.i.embedder.EclipseLogger - Copying 0 resource
2019-08-29 12:06:27,527 [Worker-41] INFO  o.e.m.c.i.embedder.EclipseLogger - Copying 0 resource
2019-08-29 12:06:27,531 [Worker-41] INFO  o.e.m.c.i.embedder.EclipseLogger - Using 'UTF-8' encoding to copy filtered resources.
2019-08-29 12:06:27,532 [Worker-41] INFO  o.e.m.c.i.embedder.EclipseLogger - skip non existing resourceDirectory D:\DemoProjects\SpringSecurity_oauth2_google\spring-boot-oauth2-master\src\test\resources
2019-08-29 12:09:47,268 [Worker-45] INFO  o.e.m.c.i.embedder.EclipseLogger - Using 'UTF-8' encoding to copy filtered resources.
2019-08-29 12:09:47,273 [Worker-45] INFO  o.e.m.c.i.embedder.EclipseLogger - Copying 0 resource
2019-08-29 12:09:47,273 [Worker-45] INFO  o.e.m.c.i.embedder.EclipseLogger - Copying 0 resource
2019-08-29 12:09:47,277 [Worker-45] INFO  o.e.m.c.i.embedder.EclipseLogger - Using 'UTF-8' encoding to copy filtered resources.
2019-08-29 12:09:47,277 [Worker-45] INFO  o.e.m.c.i.embedder.EclipseLogger - skip non existing resourceDirectory D:\DemoProjects\SpringSecurity_oauth2_google\spring-boot-oauth2-master\src\test\resources
2019-08-29 12:12:43,734 [Worker-47] INFO  o.e.m.c.i.embedder.EclipseLogger - Using 'UTF-8' encoding to copy filtered resources.
2019-08-29 12:12:43,735 [Worker-47] INFO  o.e.m.c.i.embedder.EclipseLogger - Copying 1 resource
2019-08-29 12:12:43,739 [Worker-47] INFO  o.e.m.c.i.embedder.EclipseLogger - Copying 0 resource
2019-08-29 12:12:43,741 [Worker-47] INFO  o.e.m.c.i.embedder.EclipseLogger - Using 'UTF-8' encoding to copy filtered resources.
2019-08-29 12:12:43,741 [Worker-47] INFO  o.e.m.c.i.embedder.EclipseLogger - skip non existing resourceDirectory D:\DemoProjects\SpringSecurity_oauth2_google\spring-boot-oauth2-master\src\test\resources
2019-08-29 12:14:11,843 [Worker-38] INFO  o.e.m.c.i.embedder.EclipseLogger - Using 'UTF-8' encoding to copy filtered resources.
2019-08-29 12:14:11,844 [Worker-38] INFO  o.e.m.c.i.embedder.EclipseLogger - Copying 1 resource
2019-08-29 12:14:11,847 [Worker-38] INFO  o.e.m.c.i.embedder.EclipseLogger - Copying 0 resource
2019-08-29 12:14:11,849 [Worker-38] INFO  o.e.m.c.i.embedder.EclipseLogger - Using 'UTF-8' encoding to copy filtered resources.
2019-08-29 12:14:11,849 [Worker-38] INFO  o.e.m.c.i.embedder.EclipseLogger - skip non existing resourceDirectory D:\DemoProjects\SpringSecurity_oauth2_google\spring-boot-oauth2-master\src\test\resources
2019-08-29 12:29:54,496 [Worker-55] INFO  o.e.m.c.i.embedder.EclipseLogger - Using 'UTF-8' encoding to copy filtered resources.
2019-08-29 12:29:54,497 [Worker-55] INFO  o.e.m.c.i.embedder.EclipseLogger - Copying 0 resource
2019-08-29 12:29:54,498 [Worker-55] INFO  o.e.m.c.i.embedder.EclipseLogger - Copying 0 resource
2019-08-29 12:29:54,499 [Worker-55] INFO  o.e.m.c.i.embedder.EclipseLogger - Using 'UTF-8' encoding to copy filtered resources.
2019-08-29 12:29:54,500 [Worker-55] INFO  o.e.m.c.i.embedder.EclipseLogger - skip non existing resourceDirectory D:\DemoProjects\SpringSecurity_oauth2_google\spring-boot-oauth2-master\src\test\resources
2019-08-29 12:35:33,483 [Worker-42] INFO  o.e.m.c.i.embedder.EclipseLogger - Using 'UTF-8' encoding to copy filtered resources.
2019-08-29 12:35:33,483 [Worker-42] INFO  o.e.m.c.i.embedder.EclipseLogger - Copying 0 resource
2019-08-29 12:35:33,484 [Worker-42] INFO  o.e.m.c.i.embedder.EclipseLogger - Copying 0 resource
2019-08-29 12:35:33,489 [Worker-42] INFO  o.e.m.c.i.embedder.EclipseLogger - Using 'UTF-8' encoding to copy filtered resources.
2019-08-29 12:35:33,489 [Worker-42] INFO  o.e.m.c.i.embedder.EclipseLogger - skip non existing resourceDirectory D:\DemoProjects\SpringSecurity_oauth2_google\spring-boot-oauth2-master\src\test\resources
2019-08-29 13:51:02,154 [Worker-73] INFO  o.e.m.c.i.embedder.EclipseLogger - Using 'UTF-8' encoding to copy filtered resources.
2019-08-29 13:51:02,162 [Worker-73] INFO  o.e.m.c.i.embedder.EclipseLogger - Copying 0 resource
2019-08-29 13:51:02,162 [Worker-73] INFO  o.e.m.c.i.embedder.EclipseLogger - Copying 0 resource
2019-08-29 13:51:02,166 [Worker-73] INFO  o.e.m.c.i.embedder.EclipseLogger - Using 'UTF-8' encoding to copy filtered resources.
2019-08-29 13:51:02,166 [Worker-73] INFO  o.e.m.c.i.embedder.EclipseLogger - skip non existing resourceDirectory D:\DemoProjects\SpringSecurity_oauth2_google\spring-boot-oauth2-master\src\test\resources
2019-08-29 13:51:10,877 [Worker-78] INFO  o.e.m.c.i.embedder.EclipseLogger - Using 'UTF-8' encoding to copy filtered resources.
2019-08-29 13:51:10,878 [Worker-78] INFO  o.e.m.c.i.embedder.EclipseLogger - Copying 0 resource
2019-08-29 13:51:10,878 [Worker-78] INFO  o.e.m.c.i.embedder.EclipseLogger - Copying 0 resource
2019-08-29 13:51:10,883 [Worker-78] INFO  o.e.m.c.i.embedder.EclipseLogger - Using 'UTF-8' encoding to copy filtered resources.
2019-08-29 13:51:10,884 [Worker-78] INFO  o.e.m.c.i.embedder.EclipseLogger - skip non existing resourceDirectory D:\DemoProjects\SpringSecurity_oauth2_google\spring-boot-oauth2-master\src\test\resources
2019-08-29 13:56:43,884 [Worker-78] INFO  o.e.m.c.i.embedder.EclipseLogger - Using 'UTF-8' encoding to copy filtered resources.
2019-08-29 13:56:43,886 [Worker-78] INFO  o.e.m.c.i.embedder.EclipseLogger - Copying 1 resource
2019-08-29 13:56:43,908 [Worker-78] INFO  o.e.m.c.i.embedder.EclipseLogger - Copying 0 resource
2019-08-29 13:56:43,912 [Worker-78] INFO  o.e.m.c.i.embedder.EclipseLogger - Using 'UTF-8' encoding to copy filtered resources.
2019-08-29 13:56:43,913 [Worker-78] INFO  o.e.m.c.i.embedder.EclipseLogger - skip non existing resourceDirectory D:\DemoProjects\SpringSecurity_oauth2_google\spring-boot-oauth2-master\src\test\resources
2019-08-29 13:58:00,786 [Worker-80] INFO  o.e.m.c.i.embedder.EclipseLogger - Using 'UTF-8' encoding to copy filtered resources.
2019-08-29 13:58:00,787 [Worker-80] INFO  o.e.m.c.i.embedder.EclipseLogger - Copying 1 resource
2019-08-29 13:58:00,793 [Worker-80] INFO  o.e.m.c.i.embedder.EclipseLogger - Copying 0 resource
2019-08-29 13:58:00,796 [Worker-80] INFO  o.e.m.c.i.embedder.EclipseLogger - Using 'UTF-8' encoding to copy filtered resources.
2019-08-29 13:58:00,796 [Worker-80] INFO  o.e.m.c.i.embedder.EclipseLogger - skip non existing resourceDirectory D:\DemoProjects\SpringSecurity_oauth2_google\spring-boot-oauth2-master\src\test\resources
2019-08-29 14:01:03,229 [Worker-81] INFO  o.e.m.c.i.embedder.EclipseLogger - Using 'UTF-8' encoding to copy filtered resources.
2019-08-29 14:01:03,229 [Worker-81] INFO  o.e.m.c.i.embedder.EclipseLogger - Copying 1 resource
2019-08-29 14:01:03,242 [Worker-81] INFO  o.e.m.c.i.embedder.EclipseLogger - Copying 0 resource
2019-08-29 14:01:03,244 [Worker-81] INFO  o.e.m.c.i.embedder.EclipseLogger - Using 'UTF-8' encoding to copy filtered resources.
2019-08-29 14:01:03,244 [Worker-81] INFO  o.e.m.c.i.embedder.EclipseLogger - skip non existing resourceDirectory D:\DemoProjects\SpringSecurity_oauth2_google\spring-boot-oauth2-master\src\test\resources
2019-08-29 14:04:12,885 [Worker-83] INFO  o.e.m.c.i.embedder.EclipseLogger - Using 'UTF-8' encoding to copy filtered resources.
2019-08-29 14:04:12,888 [Worker-83] INFO  o.e.m.c.i.embedder.EclipseLogger - Copying 1 resource
2019-08-29 14:04:12,982 [Worker-83] INFO  o.e.m.c.i.embedder.EclipseLogger - Copying 0 resource
2019-08-29 14:04:13,056 [Worker-83] INFO  o.e.m.c.i.embedder.EclipseLogger - Using 'UTF-8' encoding to copy filtered resources.
2019-08-29 14:04:13,057 [Worker-83] INFO  o.e.m.c.i.embedder.EclipseLogger - skip non existing resourceDirectory D:\DemoProjects\SpringSecurity_oauth2_google\spring-boot-oauth2-master\src\test\resources
2019-08-29 14:05:38,955 [Worker-69] INFO  o.e.m.c.i.embedder.EclipseLogger - Using 'UTF-8' encoding to copy filtered resources.
2019-08-29 14:05:38,956 [Worker-69] INFO  o.e.m.c.i.embedder.EclipseLogger - Copying 1 resource
2019-08-29 14:05:38,959 [Worker-69] INFO  o.e.m.c.i.embedder.EclipseLogger - Copying 0 resource
2019-08-29 14:05:38,967 [Worker-69] INFO  o.e.m.c.i.embedder.EclipseLogger - Using 'UTF-8' encoding to copy filtered resources.
2019-08-29 14:05:38,967 [Worker-69] INFO  o.e.m.c.i.embedder.EclipseLogger - skip non existing resourceDirectory D:\DemoProjects\SpringSecurity_oauth2_google\spring-boot-oauth2-master\src\test\resources
2019-08-29 14:07:17,968 [Worker-81] INFO  o.e.m.c.i.embedder.EclipseLogger - Using 'UTF-8' encoding to copy filtered resources.
2019-08-29 14:07:17,969 [Worker-81] INFO  o.e.m.c.i.embedder.EclipseLogger - Copying 1 resource
2019-08-29 14:07:17,975 [Worker-81] INFO  o.e.m.c.i.embedder.EclipseLogger - Copying 0 resource
2019-08-29 14:07:17,978 [Worker-81] INFO  o.e.m.c.i.embedder.EclipseLogger - Using 'UTF-8' encoding to copy filtered resources.
2019-08-29 14:07:17,978 [Worker-81] INFO  o.e.m.c.i.embedder.EclipseLogger - skip non existing resourceDirectory D:\DemoProjects\SpringSecurity_oauth2_google\spring-boot-oauth2-master\src\test\resources
2019-08-29 15:29:59,232 [Worker-104] INFO  o.e.m.c.i.embedder.EclipseLogger - Using 'UTF-8' encoding to copy filtered resources.
2019-08-29 15:29:59,232 [Worker-104] INFO  o.e.m.c.i.embedder.EclipseLogger - Copying 1 resource
2019-08-29 15:29:59,384 [Worker-104] INFO  o.e.m.c.i.embedder.EclipseLogger - Copying 0 resource
2019-08-29 15:29:59,388 [Worker-104] INFO  o.e.m.c.i.embedder.EclipseLogger - Using 'UTF-8' encoding to copy filtered resources.
2019-08-29 15:29:59,389 [Worker-104] INFO  o.e.m.c.i.embedder.EclipseLogger - skip non existing resourceDirectory D:\DemoProjects\SpringSecurity_oauth2_google\spring-boot-oauth2-master\src\test\resources
2019-08-29 15:33:39,413 [Worker-109] INFO  o.e.m.c.i.embedder.EclipseLogger - Using 'UTF-8' encoding to copy filtered resources.
2019-08-29 15:33:39,414 [Worker-109] INFO  o.e.m.c.i.embedder.EclipseLogger - Copying 1 resource
2019-08-29 15:33:39,417 [Worker-109] INFO  o.e.m.c.i.embedder.EclipseLogger - Copying 0 resource
2019-08-29 15:33:39,418 [Worker-109] INFO  o.e.m.c.i.embedder.EclipseLogger - Using 'UTF-8' encoding to copy filtered resources.
2019-08-29 15:33:39,418 [Worker-109] INFO  o.e.m.c.i.embedder.EclipseLogger - skip non existing resourceDirectory D:\DemoProjects\SpringSecurity_oauth2_google\spring-boot-oauth2-master\src\test\resources
2019-08-29 15:41:07,507 [Worker-110] INFO  o.e.m.c.i.embedder.EclipseLogger - Using 'UTF-8' encoding to copy filtered resources.
2019-08-29 15:41:07,510 [Worker-110] INFO  o.e.m.c.i.embedder.EclipseLogger - Copying 1 resource
2019-08-29 15:41:07,539 [Worker-110] INFO  o.e.m.c.i.embedder.EclipseLogger - Copying 0 resource
2019-08-29 15:41:07,541 [Worker-110] INFO  o.e.m.c.i.embedder.EclipseLogger - Using 'UTF-8' encoding to copy filtered resources.
2019-08-29 15:41:07,542 [Worker-110] INFO  o.e.m.c.i.embedder.EclipseLogger - skip non existing resourceDirectory D:\DemoProjects\SpringSecurity_oauth2_google\spring-boot-oauth2-master\src\test\resources
2019-08-29 15:44:22,682 [Worker-109] INFO  o.e.m.c.i.embedder.EclipseLogger - Using 'UTF-8' encoding to copy filtered resources.
2019-08-29 15:44:22,683 [Worker-109] INFO  o.e.m.c.i.embedder.EclipseLogger - Copying 1 resource
2019-08-29 15:44:22,690 [Worker-109] INFO  o.e.m.c.i.embedder.EclipseLogger - Copying 0 resource
2019-08-29 15:44:22,693 [Worker-109] INFO  o.e.m.c.i.embedder.EclipseLogger - Using 'UTF-8' encoding to copy filtered resources.
2019-08-29 15:44:22,693 [Worker-109] INFO  o.e.m.c.i.embedder.EclipseLogger - skip non existing resourceDirectory D:\DemoProjects\SpringSecurity_oauth2_google\spring-boot-oauth2-master\src\test\resources
2019-08-29 15:47:28,260 [Worker-110] INFO  o.e.m.c.i.embedder.EclipseLogger - Using 'UTF-8' encoding to copy filtered resources.
2019-08-29 15:47:28,261 [Worker-110] INFO  o.e.m.c.i.embedder.EclipseLogger - Copying 1 resource
2019-08-29 15:47:28,274 [Worker-110] INFO  o.e.m.c.i.embedder.EclipseLogger - Copying 0 resource
2019-08-29 15:47:28,277 [Worker-110] INFO  o.e.m.c.i.embedder.EclipseLogger - Using 'UTF-8' encoding to copy filtered resources.
2019-08-29 15:47:28,278 [Worker-110] INFO  o.e.m.c.i.embedder.EclipseLogger - skip non existing resourceDirectory D:\DemoProjects\SpringSecurity_oauth2_google\spring-boot-oauth2-master\src\test\resources
2019-08-29 15:49:54,860 [Worker-118] INFO  o.e.m.c.i.embedder.EclipseLogger - Using 'UTF-8' encoding to copy filtered resources.
2019-08-29 15:49:54,863 [Worker-118] INFO  o.e.m.c.i.embedder.EclipseLogger - Copying 0 resource
2019-08-29 15:49:54,865 [Worker-118] INFO  o.e.m.c.i.embedder.EclipseLogger - Copying 0 resource
2019-08-29 15:49:54,867 [Worker-118] INFO  o.e.m.c.i.embedder.EclipseLogger - Using 'UTF-8' encoding to copy filtered resources.
2019-08-29 15:49:54,867 [Worker-118] INFO  o.e.m.c.i.embedder.EclipseLogger - skip non existing resourceDirectory D:\DemoProjects\SpringSecurity_oauth2_google\spring-boot-oauth2-master\src\test\resources
2019-08-29 15:55:57,316 [Worker-122] INFO  o.e.m.c.i.embedder.EclipseLogger - Using 'UTF-8' encoding to copy filtered resources.
2019-08-29 15:55:57,874 [Worker-122] INFO  o.e.m.c.i.embedder.EclipseLogger - Copying 1 resource
2019-08-29 15:55:58,051 [Worker-122] INFO  o.e.m.c.i.embedder.EclipseLogger - Copying 0 resource
2019-08-29 15:55:58,052 [Worker-122] INFO  o.e.m.c.i.embedder.EclipseLogger - Using 'UTF-8' encoding to copy filtered resources.
2019-08-29 15:55:58,052 [Worker-122] INFO  o.e.m.c.i.embedder.EclipseLogger - skip non existing resourceDirectory D:\DemoProjects\SpringSecurity_oauth2_google\spring-boot-oauth2-master\src\test\resources
2019-08-29 15:59:03,651 [Worker-122] INFO  o.e.m.c.i.embedder.EclipseLogger - Using 'UTF-8' encoding to copy filtered resources.
2019-08-29 15:59:03,653 [Worker-122] INFO  o.e.m.c.i.embedder.EclipseLogger - Copying 1 resource
2019-08-29 15:59:03,679 [Worker-122] INFO  o.e.m.c.i.embedder.EclipseLogger - Copying 0 resource
2019-08-29 15:59:03,683 [Worker-122] INFO  o.e.m.c.i.embedder.EclipseLogger - Using 'UTF-8' encoding to copy filtered resources.
2019-08-29 15:59:03,684 [Worker-122] INFO  o.e.m.c.i.embedder.EclipseLogger - skip non existing resourceDirectory D:\DemoProjects\SpringSecurity_oauth2_google\spring-boot-oauth2-master\src\test\resources
2019-08-29 16:08:58,490 [Worker-115] INFO  o.e.m.c.i.embedder.EclipseLogger - Using 'UTF-8' encoding to copy filtered resources.
2019-08-29 16:08:58,492 [Worker-115] INFO  o.e.m.c.i.embedder.EclipseLogger - Copying 1 resource
2019-08-29 16:08:58,511 [Worker-115] INFO  o.e.m.c.i.embedder.EclipseLogger - Copying 0 resource
2019-08-29 16:08:58,516 [Worker-115] INFO  o.e.m.c.i.embedder.EclipseLogger - Using 'UTF-8' encoding to copy filtered resources.
2019-08-29 16:08:58,516 [Worker-115] INFO  o.e.m.c.i.embedder.EclipseLogger - skip non existing resourceDirectory D:\DemoProjects\SpringSecurity_oauth2_google\spring-boot-oauth2-master\src\test\resources
2019-08-29 16:17:13,687 [Worker-127] INFO  o.e.m.c.i.embedder.EclipseLogger - Using 'UTF-8' encoding to copy filtered resources.
2019-08-29 16:17:13,687 [Worker-127] INFO  o.e.m.c.i.embedder.EclipseLogger - Copying 1 resource
2019-08-29 16:17:13,693 [Worker-127] INFO  o.e.m.c.i.embedder.EclipseLogger - Copying 0 resource
2019-08-29 16:17:13,694 [Worker-127] INFO  o.e.m.c.i.embedder.EclipseLogger - Using 'UTF-8' encoding to copy filtered resources.
2019-08-29 16:17:13,694 [Worker-127] INFO  o.e.m.c.i.embedder.EclipseLogger - skip non existing resourceDirectory D:\DemoProjects\SpringSecurity_oauth2_google\spring-boot-oauth2-master\src\test\resources
2019-08-29 16:18:41,003 [Worker-133] INFO  o.e.m.c.i.embedder.EclipseLogger - Using 'UTF-8' encoding to copy filtered resources.
2019-08-29 16:18:41,003 [Worker-133] INFO  o.e.m.c.i.embedder.EclipseLogger - Copying 1 resource
2019-08-29 16:18:41,007 [Worker-133] INFO  o.e.m.c.i.embedder.EclipseLogger - Copying 0 resource
2019-08-29 16:18:41,010 [Worker-133] INFO  o.e.m.c.i.embedder.EclipseLogger - Using 'UTF-8' encoding to copy filtered resources.
2019-08-29 16:18:41,010 [Worker-133] INFO  o.e.m.c.i.embedder.EclipseLogger - skip non existing resourceDirectory D:\DemoProjects\SpringSecurity_oauth2_google\spring-boot-oauth2-master\src\test\resources
2019-08-29 17:00:04,121 [Worker-151] INFO  o.e.m.c.i.embedder.EclipseLogger - Using 'UTF-8' encoding to copy filtered resources.
2019-08-29 17:00:04,122 [Worker-151] INFO  o.e.m.c.i.embedder.EclipseLogger - Copying 1 resource
2019-08-29 17:00:04,158 [Worker-151] INFO  o.e.m.c.i.embedder.EclipseLogger - Copying 0 resource
2019-08-29 17:00:04,161 [Worker-151] INFO  o.e.m.c.i.embedder.EclipseLogger - Using 'UTF-8' encoding to copy filtered resources.
2019-08-29 17:00:04,162 [Worker-151] INFO  o.e.m.c.i.embedder.EclipseLogger - skip non existing resourceDirectory D:\DemoProjects\SpringSecurity_oauth2_google\spring-boot-oauth2-master\src\test\resources
2019-08-29 17:30:35,815 [Worker-158] INFO  o.e.m.c.i.embedder.EclipseLogger - Using 'UTF-8' encoding to copy filtered resources.
2019-08-29 17:30:35,816 [Worker-158] INFO  o.e.m.c.i.embedder.EclipseLogger - Copying 0 resource
2019-08-29 17:30:35,816 [Worker-158] INFO  o.e.m.c.i.embedder.EclipseLogger - Copying 0 resource
2019-08-29 17:30:35,820 [Worker-158] INFO  o.e.m.c.i.embedder.EclipseLogger - Using 'UTF-8' encoding to copy filtered resources.
2019-08-29 17:30:35,821 [Worker-158] INFO  o.e.m.c.i.embedder.EclipseLogger - skip non existing resourceDirectory D:\DemoProjects\SpringSecurity_oauth2_google\spring-boot-oauth2-master\src\test\resources
2019-08-29 17:36:00,129 [Worker-165] INFO  o.e.m.c.i.embedder.EclipseLogger - Using 'UTF-8' encoding to copy filtered resources.
2019-08-29 17:36:00,130 [Worker-165] INFO  o.e.m.c.i.embedder.EclipseLogger - Copying 1 resource
2019-08-29 17:36:00,151 [Worker-165] INFO  o.e.m.c.i.embedder.EclipseLogger - Copying 0 resource
2019-08-29 17:36:00,153 [Worker-165] INFO  o.e.m.c.i.embedder.EclipseLogger - Using 'UTF-8' encoding to copy filtered resources.
2019-08-29 17:36:00,153 [Worker-165] INFO  o.e.m.c.i.embedder.EclipseLogger - skip non existing resourceDirectory D:\DemoProjects\SpringSecurity_oauth2_google\spring-boot-oauth2-master\src\test\resources
2019-08-29 17:36:12,561 [Worker-164] INFO  o.e.m.c.i.embedder.EclipseLogger - Using 'UTF-8' encoding to copy filtered resources.
2019-08-29 17:36:12,563 [Worker-164] INFO  o.e.m.c.i.embedder.EclipseLogger - Copying 1 resource
2019-08-29 17:36:12,571 [Worker-164] INFO  o.e.m.c.i.embedder.EclipseLogger - Copying 0 resource
2019-08-29 17:36:12,576 [Worker-164] INFO  o.e.m.c.i.embedder.EclipseLogger - Using 'UTF-8' encoding to copy filtered resources.
2019-08-29 17:36:12,576 [Worker-164] INFO  o.e.m.c.i.embedder.EclipseLogger - skip non existing resourceDirectory D:\DemoProjects\SpringSecurity_oauth2_google\spring-boot-oauth2-master\src\test\resources
2019-08-29 17:37:29,392 [Worker-165] INFO  o.e.m.c.i.embedder.EclipseLogger - Using 'UTF-8' encoding to copy filtered resources.
2019-08-29 17:37:29,392 [Worker-165] INFO  o.e.m.c.i.embedder.EclipseLogger - Copying 1 resource
2019-08-29 17:37:29,396 [Worker-165] INFO  o.e.m.c.i.embedder.EclipseLogger - Copying 0 resource
2019-08-29 17:37:29,397 [Worker-165] INFO  o.e.m.c.i.embedder.EclipseLogger - Using 'UTF-8' encoding to copy filtered resources.
2019-08-29 17:37:29,398 [Worker-165] INFO  o.e.m.c.i.embedder.EclipseLogger - skip non existing resourceDirectory D:\DemoProjects\SpringSecurity_oauth2_google\spring-boot-oauth2-master\src\test\resources
2019-08-29 17:38:21,500 [Worker-165] INFO  o.e.m.c.i.embedder.EclipseLogger - Using 'UTF-8' encoding to copy filtered resources.
2019-08-29 17:38:21,502 [Worker-165] INFO  o.e.m.c.i.embedder.EclipseLogger - Copying 0 resource
2019-08-29 17:38:21,502 [Worker-165] INFO  o.e.m.c.i.embedder.EclipseLogger - Copying 0 resource
2019-08-29 17:38:21,506 [Worker-165] INFO  o.e.m.c.i.embedder.EclipseLogger - Using 'UTF-8' encoding to copy filtered resources.
2019-08-29 17:38:21,506 [Worker-165] INFO  o.e.m.c.i.embedder.EclipseLogger - skip non existing resourceDirectory D:\DemoProjects\SpringSecurity_oauth2_google\spring-boot-oauth2-master\src\test\resources
2019-08-29 17:39:42,335 [Worker-165] INFO  o.e.m.c.i.embedder.EclipseLogger - Using 'UTF-8' encoding to copy filtered resources.
2019-08-29 17:39:42,337 [Worker-165] INFO  o.e.m.c.i.embedder.EclipseLogger - Copying 1 resource
2019-08-29 17:39:42,348 [Worker-165] INFO  o.e.m.c.i.embedder.EclipseLogger - Copying 0 resource
2019-08-29 17:39:42,351 [Worker-165] INFO  o.e.m.c.i.embedder.EclipseLogger - Using 'UTF-8' encoding to copy filtered resources.
2019-08-29 17:39:42,352 [Worker-165] INFO  o.e.m.c.i.embedder.EclipseLogger - skip non existing resourceDirectory D:\DemoProjects\SpringSecurity_oauth2_google\spring-boot-oauth2-master\src\test\resources
2019-08-29 17:40:46,151 [Worker-167] INFO  o.e.m.c.i.embedder.EclipseLogger - Using 'UTF-8' encoding to copy filtered resources.
2019-08-29 17:40:46,153 [Worker-167] INFO  o.e.m.c.i.embedder.EclipseLogger - Copying 1 resource
2019-08-29 17:40:46,160 [Worker-167] INFO  o.e.m.c.i.embedder.EclipseLogger - Copying 0 resource
2019-08-29 17:40:46,162 [Worker-167] INFO  o.e.m.c.i.embedder.EclipseLogger - Using 'UTF-8' encoding to copy filtered resources.
2019-08-29 17:40:46,162 [Worker-167] INFO  o.e.m.c.i.embedder.EclipseLogger - skip non existing resourceDirectory D:\DemoProjects\SpringSecurity_oauth2_google\spring-boot-oauth2-master\src\test\resources
2019-08-29 17:43:18,952 [Worker-165] INFO  o.e.m.c.i.embedder.EclipseLogger - Using 'UTF-8' encoding to copy filtered resources.
2019-08-29 17:43:18,952 [Worker-165] INFO  o.e.m.c.i.embedder.EclipseLogger - Copying 0 resource
2019-08-29 17:43:18,952 [Worker-165] INFO  o.e.m.c.i.embedder.EclipseLogger - Copying 0 resource
2019-08-29 17:43:18,965 [Worker-165] INFO  o.e.m.c.i.embedder.EclipseLogger - Using 'UTF-8' encoding to copy filtered resources.
2019-08-29 17:43:18,966 [Worker-165] INFO  o.e.m.c.i.embedder.EclipseLogger - skip non existing resourceDirectory D:\DemoProjects\SpringSecurity_oauth2_google\spring-boot-oauth2-master\src\test\resources
2019-08-29 17:46:06,062 [Worker-162] INFO  o.e.m.c.i.embedder.EclipseLogger - Using 'UTF-8' encoding to copy filtered resources.
2019-08-29 17:46:06,062 [Worker-162] INFO  o.e.m.c.i.embedder.EclipseLogger - Copying 1 resource
2019-08-29 17:46:06,067 [Worker-162] INFO  o.e.m.c.i.embedder.EclipseLogger - Copying 0 resource
2019-08-29 17:46:06,069 [Worker-162] INFO  o.e.m.c.i.embedder.EclipseLogger - Using 'UTF-8' encoding to copy filtered resources.
2019-08-29 17:46:06,069 [Worker-162] INFO  o.e.m.c.i.embedder.EclipseLogger - skip non existing resourceDirectory D:\DemoProjects\SpringSecurity_oauth2_google\spring-boot-oauth2-master\src\test\resources
2019-08-29 17:47:50,015 [Worker-166] INFO  o.e.m.c.i.embedder.EclipseLogger - Using 'UTF-8' encoding to copy filtered resources.
2019-08-29 17:47:50,016 [Worker-166] INFO  o.e.m.c.i.embedder.EclipseLogger - Copying 1 resource
2019-08-29 17:47:50,020 [Worker-166] INFO  o.e.m.c.i.embedder.EclipseLogger - Copying 0 resource
2019-08-29 17:47:50,022 [Worker-166] INFO  o.e.m.c.i.embedder.EclipseLogger - Using 'UTF-8' encoding to copy filtered resources.
2019-08-29 17:47:50,023 [Worker-166] INFO  o.e.m.c.i.embedder.EclipseLogger - skip non existing resourceDirectory D:\DemoProjects\SpringSecurity_oauth2_google\spring-boot-oauth2-master\src\test\resources
2019-08-29 17:49:57,910 [Worker-168] INFO  o.e.m.c.i.embedder.EclipseLogger - Using 'UTF-8' encoding to copy filtered resources.
2019-08-29 17:49:57,911 [Worker-168] INFO  o.e.m.c.i.embedder.EclipseLogger - Copying 1 resource
2019-08-29 17:49:57,914 [Worker-168] INFO  o.e.m.c.i.embedder.EclipseLogger - Copying 0 resource
2019-08-29 17:49:57,916 [Worker-168] INFO  o.e.m.c.i.embedder.EclipseLogger - Using 'UTF-8' encoding to copy filtered resources.
2019-08-29 17:49:57,916 [Worker-168] INFO  o.e.m.c.i.embedder.EclipseLogger - skip non existing resourceDirectory D:\DemoProjects\SpringSecurity_oauth2_google\spring-boot-oauth2-master\src\test\resources
2019-08-29 17:52:50,171 [Worker-170] INFO  o.e.m.c.i.embedder.EclipseLogger - Using 'UTF-8' encoding to copy filtered resources.
2019-08-29 17:52:50,173 [Worker-170] INFO  o.e.m.c.i.embedder.EclipseLogger - Copying 1 resource
2019-08-29 17:52:50,183 [Worker-170] INFO  o.e.m.c.i.embedder.EclipseLogger - Copying 0 resource
2019-08-29 17:52:50,188 [Worker-170] INFO  o.e.m.c.i.embedder.EclipseLogger - Using 'UTF-8' encoding to copy filtered resources.
2019-08-29 17:52:50,189 [Worker-170] INFO  o.e.m.c.i.embedder.EclipseLogger - skip non existing resourceDirectory D:\DemoProjects\SpringSecurity_oauth2_google\spring-boot-oauth2-master\src\test\resources
2019-08-29 17:56:06,467 [Worker-173] INFO  o.e.m.c.i.embedder.EclipseLogger - Using 'UTF-8' encoding to copy filtered resources.
2019-08-29 17:56:06,467 [Worker-173] INFO  o.e.m.c.i.embedder.EclipseLogger - Copying 1 resource
2019-08-29 17:56:06,471 [Worker-173] INFO  o.e.m.c.i.embedder.EclipseLogger - Copying 0 resource
2019-08-29 17:56:06,473 [Worker-173] INFO  o.e.m.c.i.embedder.EclipseLogger - Using 'UTF-8' encoding to copy filtered resources.
2019-08-29 17:56:06,474 [Worker-173] INFO  o.e.m.c.i.embedder.EclipseLogger - skip non existing resourceDirectory D:\DemoProjects\SpringSecurity_oauth2_google\spring-boot-oauth2-master\src\test\resources
2019-08-30 19:25:52,488 [main] ERROR o.e.m.c.i.p.r.ProjectRegistryReader - Can't read workspace state
java.io.StreamCorruptedException: invalid stream header: 00000000
	at java.io.ObjectInputStream.readStreamHeader(Unknown Source) ~[na:1.8.0_221]
	at java.io.ObjectInputStream.<init>(Unknown Source) ~[na:1.8.0_221]
	at org.eclipse.m2e.core.internal.project.registry.ProjectRegistryReader$1.<init>(ProjectRegistryReader.java:67) ~[org.eclipse.m2e.core_1.5.1.20150109-1820.jar:na]
	at org.eclipse.m2e.core.internal.project.registry.ProjectRegistryReader.readWorkspaceState(ProjectRegistryReader.java:67) ~[org.eclipse.m2e.core_1.5.1.20150109-1820.jar:na]
	at org.eclipse.m2e.core.internal.project.registry.ProjectRegistryManager.<init>(ProjectRegistryManager.java:160) [org.eclipse.m2e.core_1.5.1.20150109-1820.jar:na]
	at org.eclipse.m2e.core.internal.MavenPluginActivator.start(MavenPluginActivator.java:210) [org.eclipse.m2e.core_1.5.1.20150109-1820.jar:na]
	at org.eclipse.osgi.internal.framework.BundleContextImpl$3.run(BundleContextImpl.java:771) [org.eclipse.osgi_3.10.2.v20150203-1939.jar:na]
	at org.eclipse.osgi.internal.framework.BundleContextImpl$3.run(BundleContextImpl.java:1) [org.eclipse.osgi_3.10.2.v20150203-1939.jar:na]
	at java.security.AccessController.doPrivileged(Native Method) [na:1.8.0_221]
	at org.eclipse.osgi.internal.framework.BundleContextImpl.startActivator(BundleContextImpl.java:764) [org.eclipse.osgi_3.10.2.v20150203-1939.jar:na]
	at org.eclipse.osgi.internal.framework.BundleContextImpl.start(BundleContextImpl.java:721) [org.eclipse.osgi_3.10.2.v20150203-1939.jar:na]
	at org.eclipse.osgi.internal.framework.EquinoxBundle.startWorker0(EquinoxBundle.java:936) [org.eclipse.osgi_3.10.2.v20150203-1939.jar:na]
	at org.eclipse.osgi.internal.framework.EquinoxBundle$EquinoxModule.startWorker(EquinoxBundle.java:319) [org.eclipse.osgi_3.10.2.v20150203-1939.jar:na]
	at org.eclipse.osgi.container.Module.doStart(Module.java:571) [org.eclipse.osgi_3.10.2.v20150203-1939.jar:na]
	at org.eclipse.osgi.container.Module.start(Module.java:439) [org.eclipse.osgi_3.10.2.v20150203-1939.jar:na]
	at org.eclipse.osgi.framework.util.SecureAction.start(SecureAction.java:454) [org.eclipse.osgi_3.10.2.v20150203-1939.jar:na]
	at org.eclipse.osgi.internal.hooks.EclipseLazyStarter.postFindLocalClass(EclipseLazyStarter.java:107) [org.eclipse.osgi_3.10.2.v20150203-1939.jar:na]
	at org.eclipse.osgi.internal.loader.classpath.ClasspathManager.findLocalClass(ClasspathManager.java:531) [org.eclipse.osgi_3.10.2.v20150203-1939.jar:na]
	at org.eclipse.osgi.internal.loader.ModuleClassLoader.findLocalClass(ModuleClassLoader.java:324) [org.eclipse.osgi_3.10.2.v20150203-1939.jar:na]
	at org.eclipse.osgi.internal.loader.BundleLoader.findLocalClass(BundleLoader.java:320) [org.eclipse.osgi_3.10.2.v20150203-1939.jar:na]
	at org.eclipse.osgi.internal.loader.sources.SingleSourcePackage.loadClass(SingleSourcePackage.java:36) [org.eclipse.osgi_3.10.2.v20150203-1939.jar:na]
	at org.eclipse.osgi.internal.loader.BundleLoader.findClassInternal(BundleLoader.java:391) [org.eclipse.osgi_3.10.2.v20150203-1939.jar:na]
	at org.eclipse.osgi.internal.loader.BundleLoader.findClass(BundleLoader.java:345) [org.eclipse.osgi_3.10.2.v20150203-1939.jar:na]
	at org.eclipse.osgi.internal.loader.BundleLoader.findClass(BundleLoader.java:337) [org.eclipse.osgi_3.10.2.v20150203-1939.jar:na]
	at org.eclipse.osgi.internal.loader.ModuleClassLoader.loadClass(ModuleClassLoader.java:160) [org.eclipse.osgi_3.10.2.v20150203-1939.jar:na]
	at java.lang.ClassLoader.loadClass(Unknown Source) [na:1.8.0_221]
	at java.lang.Class.getDeclaredConstructors0(Native Method) [na:1.8.0_221]
	at java.lang.Class.privateGetDeclaredConstructors(Unknown Source) [na:1.8.0_221]
	at java.lang.Class.getConstructor0(Unknown Source) [na:1.8.0_221]
	at java.lang.Class.newInstance(Unknown Source) [na:1.8.0_221]
	at org.eclipse.osgi.internal.framework.BundleContextImpl.loadBundleActivator(BundleContextImpl.java:755) [org.eclipse.osgi_3.10.2.v20150203-1939.jar:na]
	at org.eclipse.osgi.internal.framework.BundleContextImpl.start(BundleContextImpl.java:706) [org.eclipse.osgi_3.10.2.v20150203-1939.jar:na]
	at org.eclipse.osgi.internal.framework.EquinoxBundle.startWorker0(EquinoxBundle.java:936) [org.eclipse.osgi_3.10.2.v20150203-1939.jar:na]
	at org.eclipse.osgi.internal.framework.EquinoxBundle$EquinoxModule.startWorker(EquinoxBundle.java:319) [org.eclipse.osgi_3.10.2.v20150203-1939.jar:na]
	at org.eclipse.osgi.container.Module.doStart(Module.java:571) [org.eclipse.osgi_3.10.2.v20150203-1939.jar:na]
	at org.eclipse.osgi.container.Module.start(Module.java:439) [org.eclipse.osgi_3.10.2.v20150203-1939.jar:na]
	at org.eclipse.osgi.framework.util.SecureAction.start(SecureAction.java:454) [org.eclipse.osgi_3.10.2.v20150203-1939.jar:na]
	at org.eclipse.osgi.internal.hooks.EclipseLazyStarter.postFindLocalClass(EclipseLazyStarter.java:107) [org.eclipse.osgi_3.10.2.v20150203-1939.jar:na]
	at org.eclipse.osgi.internal.loader.classpath.ClasspathManager.findLocalClass(ClasspathManager.java:531) [org.eclipse.osgi_3.10.2.v20150203-1939.jar:na]
	at org.eclipse.osgi.internal.loader.ModuleClassLoader.findLocalClass(ModuleClassLoader.java:324) [org.eclipse.osgi_3.10.2.v20150203-1939.jar:na]
	at org.eclipse.osgi.internal.loader.BundleLoader.findLocalClass(BundleLoader.java:320) [org.eclipse.osgi_3.10.2.v20150203-1939.jar:na]
	at org.eclipse.osgi.internal.loader.BundleLoader.findClassInternal(BundleLoader.java:395) [org.eclipse.osgi_3.10.2.v20150203-1939.jar:na]
	at org.eclipse.osgi.internal.loader.BundleLoader.findClass(BundleLoader.java:345) [org.eclipse.osgi_3.10.2.v20150203-1939.jar:na]
	at org.eclipse.osgi.internal.loader.BundleLoader.findClass(BundleLoader.java:337) [org.eclipse.osgi_3.10.2.v20150203-1939.jar:na]
	at org.eclipse.osgi.internal.loader.ModuleClassLoader.loadClass(ModuleClassLoader.java:160) [org.eclipse.osgi_3.10.2.v20150203-1939.jar:na]
	at java.lang.ClassLoader.loadClass(Unknown Source) [na:1.8.0_221]
	at org.eclipse.osgi.internal.framework.EquinoxBundle.loadClass(EquinoxBundle.java:568) [org.eclipse.osgi_3.10.2.v20150203-1939.jar:na]
	at org.eclipse.core.internal.registry.osgi.RegistryStrategyOSGI.createExecutableExtension(RegistryStrategyOSGI.java:174) [org.eclipse.equinox.registry_3.5.400.v20140428-1507.jar:na]
	at org.eclipse.core.internal.registry.ExtensionRegistry.createExecutableExtension(ExtensionRegistry.java:905) [org.eclipse.equinox.registry_3.5.400.v20140428-1507.jar:na]
	at org.eclipse.core.internal.registry.ConfigurationElement.createExecutableExtension(ConfigurationElement.java:243) [org.eclipse.equinox.registry_3.5.400.v20140428-1507.jar:na]
	at org.eclipse.core.internal.registry.ConfigurationElementHandle.createExecutableExtension(ConfigurationElementHandle.java:55) [org.eclipse.equinox.registry_3.5.400.v20140428-1507.jar:na]
	at org.eclipse.ui.internal.WorkbenchPlugin$1.run(WorkbenchPlugin.java:294) [org.eclipse.ui.workbench_3.106.2.v20150204-1030.jar:na]
	at org.eclipse.swt.custom.BusyIndicator.showWhile(BusyIndicator.java:70) [org.eclipse.swt.win32.win32.x86_64_3.103.2.v20150203-1351.jar:na]
	at org.eclipse.ui.internal.WorkbenchPlugin.createExtension(WorkbenchPlugin.java:289) [org.eclipse.ui.workbench_3.106.2.v20150204-1030.jar:na]
	at org.eclipse.ui.internal.dialogs.WorkbenchWizardElement.createExecutableExtension(WorkbenchWizardElement.java:123) [org.eclipse.ui.workbench_3.106.2.v20150204-1030.jar:na]
	at org.eclipse.ui.internal.dialogs.WorkbenchWizardElement.createWizard(WorkbenchWizardElement.java:278) [org.eclipse.ui.workbench_3.106.2.v20150204-1030.jar:na]
	at org.eclipse.ui.internal.dialogs.ImportExportPage$1.createWizard(ImportExportPage.java:303) [org.eclipse.ui.workbench_3.106.2.v20150204-1030.jar:na]
	at org.eclipse.ui.internal.dialogs.WorkbenchWizardNode$1$1.run(WorkbenchWizardNode.java:159) [org.eclipse.ui.workbench_3.106.2.v20150204-1030.jar:na]
	at org.eclipse.core.runtime.SafeRunner.run(SafeRunner.java:42) [org.eclipse.equinox.common_3.6.200.v20130402-1505.jar:na]
	at org.eclipse.ui.internal.dialogs.WorkbenchWizardNode$1.run(WorkbenchWizardNode.java:141) [org.eclipse.ui.workbench_3.106.2.v20150204-1030.jar:na]
	at org.eclipse.swt.custom.BusyIndicator.showWhile(BusyIndicator.java:70) [org.eclipse.swt.win32.win32.x86_64_3.103.2.v20150203-1351.jar:na]
	at org.eclipse.ui.internal.dialogs.WorkbenchWizardNode.getWizard(WorkbenchWizardNode.java:137) [org.eclipse.ui.workbench_3.106.2.v20150204-1030.jar:na]
	at org.eclipse.jface.wizard.WizardSelectionPage.getNextPage(WizardSelectionPage.java:107) [org.eclipse.jface_3.10.2.v20141021-1035.jar:na]
	at org.eclipse.ui.internal.dialogs.WorkbenchWizardSelectionPage.getNextPage(WorkbenchWizardSelectionPage.java:101) [org.eclipse.ui.workbench_3.106.2.v20150204-1030.jar:na]
	at org.eclipse.ui.internal.dialogs.ImportExportPage.getNextPage(ImportExportPage.java:435) [org.eclipse.ui.workbench_3.106.2.v20150204-1030.jar:na]
	at org.eclipse.jface.wizard.WizardDialog.nextPressed(WizardDialog.java:935) [org.eclipse.jface_3.10.2.v20141021-1035.jar:na]
	at org.eclipse.jface.wizard.WizardDialog.buttonPressed(WizardDialog.java:434) [org.eclipse.jface_3.10.2.v20141021-1035.jar:na]
	at org.eclipse.jface.dialogs.Dialog$2.widgetSelected(Dialog.java:619) [org.eclipse.jface_3.10.2.v20141021-1035.jar:na]
	at org.eclipse.swt.widgets.TypedListener.handleEvent(TypedListener.java:248) [org.eclipse.swt.win32.win32.x86_64_3.103.2.v20150203-1351.jar:na]
	at org.eclipse.swt.widgets.EventTable.sendEvent(EventTable.java:84) [org.eclipse.swt.win32.win32.x86_64_3.103.2.v20150203-1351.jar:na]
	at org.eclipse.swt.widgets.Display.sendEvent(Display.java:4353) [org.eclipse.swt.win32.win32.x86_64_3.103.2.v20150203-1351.jar:na]
	at org.eclipse.swt.widgets.Widget.sendEvent(Widget.java:1061) [org.eclipse.swt.win32.win32.x86_64_3.103.2.v20150203-1351.jar:na]
	at org.eclipse.swt.widgets.Display.runDeferredEvents(Display.java:4172) [org.eclipse.swt.win32.win32.x86_64_3.103.2.v20150203-1351.jar:na]
	at org.eclipse.swt.widgets.Display.readAndDispatch(Display.java:3761) [org.eclipse.swt.win32.win32.x86_64_3.103.2.v20150203-1351.jar:na]
	at org.eclipse.jface.window.Window.runEventLoop(Window.java:832) [org.eclipse.jface_3.10.2.v20141021-1035.jar:na]
	at org.eclipse.jface.window.Window.open(Window.java:808) [org.eclipse.jface_3.10.2.v20141021-1035.jar:na]
	at org.eclipse.ui.internal.handlers.WizardHandler$Import.executeHandler(WizardHandler.java:158) [org.eclipse.ui.workbench_3.106.2.v20150204-1030.jar:na]
	at org.eclipse.ui.internal.handlers.WizardHandler.execute(WizardHandler.java:290) [org.eclipse.ui.workbench_3.106.2.v20150204-1030.jar:na]
	at org.eclipse.ui.internal.handlers.HandlerProxy.execute(HandlerProxy.java:294) [org.eclipse.ui.workbench_3.106.2.v20150204-1030.jar:na]
	at org.eclipse.ui.internal.handlers.E4HandlerProxy.execute(E4HandlerProxy.java:90) [org.eclipse.ui.workbench_3.106.2.v20150204-1030.jar:na]
	at sun.reflect.NativeMethodAccessorImpl.invoke0(Native Method) ~[na:1.8.0_221]
	at sun.reflect.NativeMethodAccessorImpl.invoke(Unknown Source) ~[na:1.8.0_221]
	at sun.reflect.DelegatingMethodAccessorImpl.invoke(Unknown Source) ~[na:1.8.0_221]
	at java.lang.reflect.Method.invoke(Unknown Source) ~[na:1.8.0_221]
	at org.eclipse.e4.core.internal.di.MethodRequestor.execute(MethodRequestor.java:55) [org.eclipse.e4.core.di_1.4.0.v20140414-1837.jar:na]
	at org.eclipse.e4.core.internal.di.InjectorImpl.invokeUsingClass(InjectorImpl.java:247) [org.eclipse.e4.core.di_1.4.0.v20140414-1837.jar:na]
	at org.eclipse.e4.core.internal.di.InjectorImpl.invoke(InjectorImpl.java:229) [org.eclipse.e4.core.di_1.4.0.v20140414-1837.jar:na]
	at org.eclipse.e4.core.contexts.ContextInjectionFactory.invoke(ContextInjectionFactory.java:132) [org.eclipse.e4.core.contexts_1.3.100.v20140407-1019.jar:na]
	at org.eclipse.e4.core.commands.internal.HandlerServiceHandler.execute(HandlerServiceHandler.java:149) [org.eclipse.e4.core.commands_0.10.2.v20140424-2344.jar:na]
	at org.eclipse.core.commands.Command.executeWithChecks(Command.java:499) [org.eclipse.core.commands_3.6.100.v20140528-1422.jar:na]
	at org.eclipse.core.commands.ParameterizedCommand.executeWithChecks(ParameterizedCommand.java:508) [org.eclipse.core.commands_3.6.100.v20140528-1422.jar:na]
	at org.eclipse.e4.core.commands.internal.HandlerServiceImpl.executeHandler(HandlerServiceImpl.java:210) [org.eclipse.e4.core.commands_0.10.2.v20140424-2344.jar:na]
	at org.eclipse.ui.internal.handlers.LegacyHandlerService.executeCommand(LegacyHandlerService.java:343) [org.eclipse.ui.workbench_3.106.2.v20150204-1030.jar:na]
	at org.eclipse.ui.internal.actions.CommandAction.runWithEvent(CommandAction.java:159) [org.eclipse.ui.workbench_3.106.2.v20150204-1030.jar:na]
	at org.eclipse.ui.internal.actions.CommandAction.run(CommandAction.java:174) [org.eclipse.ui.workbench_3.106.2.v20150204-1030.jar:na]
	at org.eclipse.ui.actions.ImportResourcesAction.run(ImportResourcesAction.java:99) [org.eclipse.ui.workbench_3.106.2.v20150204-1030.jar:na]
	at org.eclipse.ui.actions.BaseSelectionListenerAction.runWithEvent(BaseSelectionListenerAction.java:170) [org.eclipse.ui.workbench_3.106.2.v20150204-1030.jar:na]
	at org.eclipse.jface.action.ActionContributionItem.handleWidgetSelection(ActionContributionItem.java:595) [org.eclipse.jface_3.10.2.v20141021-1035.jar:na]
	at org.eclipse.jface.action.ActionContributionItem.access$2(ActionContributionItem.java:511) [org.eclipse.jface_3.10.2.v20141021-1035.jar:na]
	at org.eclipse.jface.action.ActionContributionItem$5.handleEvent(ActionContributionItem.java:420) [org.eclipse.jface_3.10.2.v20141021-1035.jar:na]
	at org.eclipse.swt.widgets.EventTable.sendEvent(EventTable.java:84) [org.eclipse.swt.win32.win32.x86_64_3.103.2.v20150203-1351.jar:na]
	at org.eclipse.swt.widgets.Display.sendEvent(Display.java:4353) [org.eclipse.swt.win32.win32.x86_64_3.103.2.v20150203-1351.jar:na]
	at org.eclipse.swt.widgets.Widget.sendEvent(Widget.java:1061) [org.eclipse.swt.win32.win32.x86_64_3.103.2.v20150203-1351.jar:na]
	at org.eclipse.swt.widgets.Display.runDeferredEvents(Display.java:4172) [org.eclipse.swt.win32.win32.x86_64_3.103.2.v20150203-1351.jar:na]
	at org.eclipse.swt.widgets.Display.readAndDispatch(Display.java:3761) [org.eclipse.swt.win32.win32.x86_64_3.103.2.v20150203-1351.jar:na]
	at org.eclipse.e4.ui.internal.workbench.swt.PartRenderingEngine$9.run(PartRenderingEngine.java:1151) [org.eclipse.e4.ui.workbench.swt_0.12.100.v20141126-1150.jar:na]
	at org.eclipse.core.databinding.observable.Realm.runWithDefault(Realm.java:332) [org.eclipse.core.databinding.observable_1.4.1.v20140210-1835.jar:na]
	at org.eclipse.e4.ui.internal.workbench.swt.PartRenderingEngine.run(PartRenderingEngine.java:1032) [org.eclipse.e4.ui.workbench.swt_0.12.100.v20141126-1150.jar:na]
	at org.eclipse.e4.ui.internal.workbench.E4Workbench.createAndRunUI(E4Workbench.java:148) [org.eclipse.e4.ui.workbench_1.2.2.v20141212-1259.jar:na]
	at org.eclipse.ui.internal.Workbench$5.run(Workbench.java:636) [org.eclipse.ui.workbench_3.106.2.v20150204-1030.jar:na]
	at org.eclipse.core.databinding.observable.Realm.runWithDefault(Realm.java:332) [org.eclipse.core.databinding.observable_1.4.1.v20140210-1835.jar:na]
	at org.eclipse.ui.internal.Workbench.createAndRunWorkbench(Workbench.java:579) [org.eclipse.ui.workbench_3.106.2.v20150204-1030.jar:na]
	at org.eclipse.ui.PlatformUI.createAndRunWorkbench(PlatformUI.java:150) [org.eclipse.ui.workbench_3.106.2.v20150204-1030.jar:na]
	at org.eclipse.ui.internal.ide.application.IDEApplication.start(IDEApplication.java:135) [org.eclipse.ui.ide.application_1.0.501.v20141111-1238.jar:na]
	at org.eclipse.equinox.internal.app.EclipseAppHandle.run(EclipseAppHandle.java:196) [org.eclipse.equinox.app_1.3.200.v20130910-1609.jar:na]
	at org.eclipse.core.runtime.internal.adaptor.EclipseAppLauncher.runApplication(EclipseAppLauncher.java:134) [org.eclipse.osgi_3.10.2.v20150203-1939.jar:na]
	at org.eclipse.core.runtime.internal.adaptor.EclipseAppLauncher.start(EclipseAppLauncher.java:104) [org.eclipse.osgi_3.10.2.v20150203-1939.jar:na]
	at org.eclipse.core.runtime.adaptor.EclipseStarter.run(EclipseStarter.java:380) [org.eclipse.osgi_3.10.2.v20150203-1939.jar:na]
	at org.eclipse.core.runtime.adaptor.EclipseStarter.run(EclipseStarter.java:235) [org.eclipse.osgi_3.10.2.v20150203-1939.jar:na]
	at sun.reflect.NativeMethodAccessorImpl.invoke0(Native Method) ~[na:1.8.0_221]
	at sun.reflect.NativeMethodAccessorImpl.invoke(Unknown Source) ~[na:1.8.0_221]
	at sun.reflect.DelegatingMethodAccessorImpl.invoke(Unknown Source) ~[na:1.8.0_221]
	at java.lang.reflect.Method.invoke(Unknown Source) ~[na:1.8.0_221]
	at org.eclipse.equinox.launcher.Main.invokeFramework(Main.java:648) [org.eclipse.equinox.launcher_1.3.0.v20140415-2008.jar:na]
	at org.eclipse.equinox.launcher.Main.basicRun(Main.java:603) [org.eclipse.equinox.launcher_1.3.0.v20140415-2008.jar:na]
	at org.eclipse.equinox.launcher.Main.run(Main.java:1465) [org.eclipse.equinox.launcher_1.3.0.v20140415-2008.jar:na]
2019-08-30 19:27:03,103 [Worker-1] INFO  o.e.m.c.i.l.LifecycleMappingFactory - Using org.maven.ide.eclipse.wtp.WarLifecycleMapping lifecycle mapping for MavenProject: com.programmer.gate:SpringBootOAuth2:0.0.1-SNAPSHOT @ D:\DemoProjects\SpringSecurity_oauth2_google\spring-boot-oauth2-master\pom.xml.
2019-08-30 19:27:20,635 [Worker-1] INFO  o.e.m.j.i.AbstractJavaProjectConfigurator - Adding source folder /SpringBootOAuth2/src/main/java
2019-08-30 19:27:20,635 [Worker-1] INFO  o.e.m.j.i.AbstractJavaProjectConfigurator - Resources folder /SpringBootOAuth2/src/main/resources overlaps with sources folder /SpringBootOAuth2/src/main/resources
2019-08-30 19:27:20,636 [Worker-1] INFO  o.e.m.j.i.AbstractJavaProjectConfigurator - Resources folder /SpringBootOAuth2/src/main/resources overlaps with sources folder /SpringBootOAuth2/src/main/resources
2019-08-30 19:27:20,637 [Worker-1] INFO  o.e.m.j.i.AbstractJavaProjectConfigurator - Adding source folder /SpringBootOAuth2/src/test/java
2019-08-30 19:27:21,411 [Worker-7] INFO  o.e.m.c.i.l.LifecycleMappingFactory - Using org.maven.ide.eclipse.wtp.WarLifecycleMapping lifecycle mapping for MavenProject: com.programmer.gate:SpringBootOAuth2:0.0.1-SNAPSHOT @ D:\DemoProjects\SpringSecurity_oauth2_google\spring-boot-oauth2-master\pom.xml.
2019-08-30 19:27:25,521 [Worker-1] INFO  o.e.m.c.i.p.ProjectConfigurationManager - Imported and configured 1 project(s) in 49 sec
2019-08-30 19:27:33,096 [Worker-0] INFO  o.e.m.c.i.l.LifecycleMappingFactory - Using org.maven.ide.eclipse.wtp.WarLifecycleMapping lifecycle mapping for MavenProject: com.programmer.gate:SpringBootOAuth2:0.0.1-SNAPSHOT @ D:\DemoProjects\SpringSecurity_oauth2_google\spring-boot-oauth2-master\pom.xml.
2019-08-30 19:27:53,431 [Worker-2] INFO  o.e.m.c.i.embedder.EclipseLogger - Using 'UTF-8' encoding to copy filtered resources.
2019-08-30 19:27:53,444 [Worker-2] INFO  o.e.m.c.i.embedder.EclipseLogger - Copying 1 resource
2019-08-30 19:27:53,515 [Worker-2] INFO  o.e.m.c.i.embedder.EclipseLogger - Copying 0 resource
2019-08-30 19:27:53,518 [Worker-2] INFO  o.e.m.c.i.embedder.EclipseLogger - Using 'UTF-8' encoding to copy filtered resources.
2019-08-30 19:27:53,519 [Worker-2] INFO  o.e.m.c.i.embedder.EclipseLogger - skip non existing resourceDirectory D:\DemoProjects\SpringSecurity_oauth2_google\spring-boot-oauth2-master\src\test\resources
2019-09-03 15:15:49,876 [Worker-595] INFO  o.e.m.c.i.embedder.EclipseLogger - Using 'UTF-8' encoding to copy filtered resources.
2019-09-03 15:15:49,917 [Worker-595] INFO  o.e.m.c.i.embedder.EclipseLogger - Copying 0 resource
2019-09-03 15:15:49,917 [Worker-595] INFO  o.e.m.c.i.embedder.EclipseLogger - Copying 0 resource
2019-09-03 15:15:49,919 [Worker-595] INFO  o.e.m.c.i.embedder.EclipseLogger - Using 'UTF-8' encoding to copy filtered resources.
2019-09-03 15:15:49,919 [Worker-595] INFO  o.e.m.c.i.embedder.EclipseLogger - skip non existing resourceDirectory D:\DemoProjects\SpringSecurity_oauth2_google\spring-boot-oauth2-master\src\test\resources
2019-09-03 15:23:24,314 [Worker-598] INFO  o.e.m.c.i.embedder.EclipseLogger - Using 'UTF-8' encoding to copy filtered resources.
2019-09-03 15:23:24,458 [Worker-598] INFO  o.e.m.c.i.embedder.EclipseLogger - Copying 1 resource
2019-09-03 15:23:24,479 [Worker-598] INFO  o.e.m.c.i.embedder.EclipseLogger - Copying 0 resource
2019-09-03 15:23:24,481 [Worker-598] INFO  o.e.m.c.i.embedder.EclipseLogger - Using 'UTF-8' encoding to copy filtered resources.
2019-09-03 15:23:24,481 [Worker-598] INFO  o.e.m.c.i.embedder.EclipseLogger - skip non existing resourceDirectory D:\DemoProjects\SpringSecurity_oauth2_google\spring-boot-oauth2-master\src\test\resources
2019-09-03 15:39:03,402 [Worker-605] INFO  o.e.m.c.i.embedder.EclipseLogger - Using 'UTF-8' encoding to copy filtered resources.
2019-09-03 15:39:03,402 [Worker-605] INFO  o.e.m.c.i.embedder.EclipseLogger - Copying 0 resource
2019-09-03 15:39:03,403 [Worker-605] INFO  o.e.m.c.i.embedder.EclipseLogger - Copying 0 resource
2019-09-03 15:39:03,405 [Worker-605] INFO  o.e.m.c.i.embedder.EclipseLogger - Using 'UTF-8' encoding to copy filtered resources.
2019-09-03 15:39:03,406 [Worker-605] INFO  o.e.m.c.i.embedder.EclipseLogger - skip non existing resourceDirectory D:\DemoProjects\SpringSecurity_oauth2_google\spring-boot-oauth2-master\src\test\resources
2019-09-03 15:42:18,094 [Worker-607] INFO  o.e.m.c.i.embedder.EclipseLogger - Using 'UTF-8' encoding to copy filtered resources.
2019-09-03 15:42:18,095 [Worker-607] INFO  o.e.m.c.i.embedder.EclipseLogger - Copying 0 resource
2019-09-03 15:42:18,095 [Worker-607] INFO  o.e.m.c.i.embedder.EclipseLogger - Copying 0 resource
2019-09-03 15:42:18,097 [Worker-607] INFO  o.e.m.c.i.embedder.EclipseLogger - Using 'UTF-8' encoding to copy filtered resources.
2019-09-03 15:42:18,098 [Worker-607] INFO  o.e.m.c.i.embedder.EclipseLogger - skip non existing resourceDirectory D:\DemoProjects\SpringSecurity_oauth2_google\spring-boot-oauth2-master\src\test\resources
2019-09-03 15:53:57,346 [Worker-602] INFO  o.e.m.c.i.embedder.EclipseLogger - Using 'UTF-8' encoding to copy filtered resources.
2019-09-03 15:53:57,347 [Worker-602] INFO  o.e.m.c.i.embedder.EclipseLogger - Copying 1 resource
2019-09-03 15:53:57,353 [Worker-602] INFO  o.e.m.c.i.embedder.EclipseLogger - Copying 0 resource
2019-09-03 15:53:57,355 [Worker-602] INFO  o.e.m.c.i.embedder.EclipseLogger - Using 'UTF-8' encoding to copy filtered resources.
2019-09-03 15:53:57,355 [Worker-602] INFO  o.e.m.c.i.embedder.EclipseLogger - skip non existing resourceDirectory D:\DemoProjects\SpringSecurity_oauth2_google\spring-boot-oauth2-master\src\test\resources
2019-09-03 16:33:35,243 [Worker-619] INFO  o.e.m.c.i.embedder.EclipseLogger - Using 'UTF-8' encoding to copy filtered resources.
2019-09-03 16:33:35,244 [Worker-619] INFO  o.e.m.c.i.embedder.EclipseLogger - Copying 1 resource
2019-09-03 16:33:35,271 [Worker-619] INFO  o.e.m.c.i.embedder.EclipseLogger - Copying 0 resource
2019-09-03 16:33:35,273 [Worker-619] INFO  o.e.m.c.i.embedder.EclipseLogger - Using 'UTF-8' encoding to copy filtered resources.
2019-09-03 16:33:35,274 [Worker-619] INFO  o.e.m.c.i.embedder.EclipseLogger - skip non existing resourceDirectory D:\DemoProjects\SpringSecurity_oauth2_google\spring-boot-oauth2-master\src\test\resources
2019-09-03 16:50:08,968 [Worker-627] INFO  o.e.m.c.i.embedder.EclipseLogger - Using 'UTF-8' encoding to copy filtered resources.
2019-09-03 16:50:08,969 [Worker-627] INFO  o.e.m.c.i.embedder.EclipseLogger - Copying 1 resource
2019-09-03 16:50:08,974 [Worker-627] INFO  o.e.m.c.i.embedder.EclipseLogger - Copying 0 resource
2019-09-03 16:50:08,976 [Worker-627] INFO  o.e.m.c.i.embedder.EclipseLogger - Using 'UTF-8' encoding to copy filtered resources.
2019-09-03 16:50:08,976 [Worker-627] INFO  o.e.m.c.i.embedder.EclipseLogger - skip non existing resourceDirectory D:\DemoProjects\SpringSecurity_oauth2_google\spring-boot-oauth2-master\src\test\resources
2019-09-03 17:04:49,460 [Worker-633] INFO  o.e.m.c.i.embedder.EclipseLogger - Using 'UTF-8' encoding to copy filtered resources.
2019-09-03 17:04:49,461 [Worker-633] INFO  o.e.m.c.i.embedder.EclipseLogger - Copying 1 resource
2019-09-03 17:04:49,467 [Worker-633] INFO  o.e.m.c.i.embedder.EclipseLogger - Copying 0 resource
2019-09-03 17:04:49,469 [Worker-633] INFO  o.e.m.c.i.embedder.EclipseLogger - Using 'UTF-8' encoding to copy filtered resources.
2019-09-03 17:04:49,469 [Worker-633] INFO  o.e.m.c.i.embedder.EclipseLogger - skip non existing resourceDirectory D:\DemoProjects\SpringSecurity_oauth2_google\spring-boot-oauth2-master\src\test\resources
2019-09-03 17:27:59,636 [Worker-640] INFO  o.e.m.c.i.embedder.EclipseLogger - Using 'UTF-8' encoding to copy filtered resources.
2019-09-03 17:27:59,636 [Worker-640] INFO  o.e.m.c.i.embedder.EclipseLogger - Copying 0 resource
2019-09-03 17:27:59,636 [Worker-640] INFO  o.e.m.c.i.embedder.EclipseLogger - Copying 0 resource
2019-09-03 17:27:59,638 [Worker-640] INFO  o.e.m.c.i.embedder.EclipseLogger - Using 'UTF-8' encoding to copy filtered resources.
2019-09-03 17:27:59,638 [Worker-640] INFO  o.e.m.c.i.embedder.EclipseLogger - skip non existing resourceDirectory D:\DemoProjects\SpringSecurity_oauth2_google\spring-boot-oauth2-master\src\test\resources
2019-09-04 10:45:54,405 [Worker-676] INFO  o.e.m.c.i.embedder.EclipseLogger - Using 'UTF-8' encoding to copy filtered resources.
2019-09-04 10:45:54,406 [Worker-676] INFO  o.e.m.c.i.embedder.EclipseLogger - Copying 1 resource
2019-09-04 10:45:54,449 [Worker-676] INFO  o.e.m.c.i.embedder.EclipseLogger - Copying 0 resource
2019-09-04 10:45:54,451 [Worker-676] INFO  o.e.m.c.i.embedder.EclipseLogger - Using 'UTF-8' encoding to copy filtered resources.
2019-09-04 10:45:54,451 [Worker-676] INFO  o.e.m.c.i.embedder.EclipseLogger - skip non existing resourceDirectory D:\DemoProjects\SpringSecurity_oauth2_google\spring-boot-oauth2-master\src\test\resources
2019-09-04 13:24:10,666 [Worker-722] INFO  o.e.m.c.i.embedder.EclipseLogger - Using 'UTF-8' encoding to copy filtered resources.
2019-09-04 13:24:10,744 [Worker-722] INFO  o.e.m.c.i.embedder.EclipseLogger - Copying 1 resource
2019-09-04 13:24:10,759 [Worker-722] INFO  o.e.m.c.i.embedder.EclipseLogger - Copying 0 resource
2019-09-04 13:24:10,759 [Worker-722] INFO  o.e.m.c.i.embedder.EclipseLogger - Using 'UTF-8' encoding to copy filtered resources.
2019-09-04 13:24:10,759 [Worker-722] INFO  o.e.m.c.i.embedder.EclipseLogger - skip non existing resourceDirectory D:\DemoProjects\SpringSecurity_oauth2_google\spring-boot-oauth2-master\src\test\resources
2019-09-04 13:25:27,074 [Worker-729] INFO  o.e.m.c.i.embedder.EclipseLogger - Using 'UTF-8' encoding to copy filtered resources.
2019-09-04 13:25:27,074 [Worker-729] INFO  o.e.m.c.i.embedder.EclipseLogger - Copying 1 resource
2019-09-04 13:25:27,074 [Worker-729] INFO  o.e.m.c.i.embedder.EclipseLogger - Copying 0 resource
2019-09-04 13:25:27,074 [Worker-729] INFO  o.e.m.c.i.embedder.EclipseLogger - Using 'UTF-8' encoding to copy filtered resources.
2019-09-04 13:25:27,074 [Worker-729] INFO  o.e.m.c.i.embedder.EclipseLogger - skip non existing resourceDirectory D:\DemoProjects\SpringSecurity_oauth2_google\spring-boot-oauth2-master\src\test\resources
2019-09-04 13:30:14,138 [Worker-722] INFO  o.e.m.c.i.embedder.EclipseLogger - Using 'UTF-8' encoding to copy filtered resources.
2019-09-04 13:30:14,138 [Worker-722] INFO  o.e.m.c.i.embedder.EclipseLogger - Copying 1 resource
2019-09-04 13:30:14,154 [Worker-722] INFO  o.e.m.c.i.embedder.EclipseLogger - Copying 0 resource
2019-09-04 13:30:14,154 [Worker-722] INFO  o.e.m.c.i.embedder.EclipseLogger - Using 'UTF-8' encoding to copy filtered resources.
2019-09-04 13:30:14,154 [Worker-722] INFO  o.e.m.c.i.embedder.EclipseLogger - skip non existing resourceDirectory D:\DemoProjects\SpringSecurity_oauth2_google\spring-boot-oauth2-master\src\test\resources
